ERROR - 2023-02-13 22:03:23 --> Error connecting to the database: Aucune connexion n’a pu être établie car l’ordinateur cible l’a expressément refusée
CRITICAL - 2023-02-13 22:03:23 --> Unable to connect to the database.
Main connection [MySQLi]: Aucune connexion n’a pu être établie car l’ordinateur cible l’a expressément refusée
#0 C:\xampp\htdocs\cdi\system\Database\BaseConnection.php(577): CodeIgniter\Database\BaseConnection->initialize()
#1 C:\xampp\htdocs\cdi\system\Database\BaseBuilder.php(1455): CodeIgniter\Database\BaseConnection->query('SELECT *\nFROM `...', Array, false)
#2 C:\xampp\htdocs\cdi\system\Model.php(183): CodeIgniter\Database\BaseBuilder->get()
#3 C:\xampp\htdocs\cdi\system\BaseModel.php(584): CodeIgniter\Model->doFindAll(0, 0)
#4 C:\xampp\htdocs\cdi\app\Controllers\Home.php(17): CodeIgniter\BaseModel->findAll()
#5 C:\xampp\htdocs\cdi\system\CodeIgniter.php(832): App\Controllers\Home->index()
#6 C:\xampp\htdocs\cdi\system\CodeIgniter.php(419): CodeIgniter\CodeIgniter->runController(Object(App\Controllers\Home))
#7 C:\xampp\htdocs\cdi\system\CodeIgniter.php(326): CodeIgniter\CodeIgniter->handleRequest(NULL, Object(Config\Cache), false)
#8 C:\xampp\htdocs\cdi\public\index.php(37): CodeIgniter\CodeIgniter->run()
#9 C:\xampp\htdocs\cdi\system\Commands\Server\rewrite.php(43): require_once('C:\\xampp\\htdocs...')
#10 {main}
CRITICAL - 2023-02-13 22:08:59 --> Too few arguments to function App\Controllers\RhController::rhProfil(), 0 passed in C:\xampp\htdocs\cdi\system\CodeIgniter.php on line 832 and exactly 1 expected
#0 C:\xampp\htdocs\cdi\system\CodeIgniter.php(832): App\Controllers\RhController->rhProfil()
#1 C:\xampp\htdocs\cdi\system\CodeIgniter.php(419): CodeIgniter\CodeIgniter->runController(Object(App\Controllers\RhController))
#2 C:\xampp\htdocs\cdi\system\CodeIgniter.php(326): CodeIgniter\CodeIgniter->handleRequest(NULL, Object(Config\Cache), false)
#3 C:\xampp\htdocs\cdi\public\index.php(37): CodeIgniter\CodeIgniter->run()
#4 C:\xampp\htdocs\cdi\system\Commands\Server\rewrite.php(43): require_once('C:\\xampp\\htdocs...')
#5 {main}
