CRITICAL - 2023-02-22 08:56:51 --> Undefined variable $contView
#0 C:\xampp\htdocs\cdi\app\Views\index.php(227): CodeIgniter\Debug\Exceptions->errorHandler(2, 'Undefined varia...', 'C:\\xampp\\htdocs...', 227)
#1 C:\xampp\htdocs\cdi\system\View\View.php(210): include('C:\\xampp\\htdocs...')
#2 C:\xampp\htdocs\cdi\system\View\View.php(213): CodeIgniter\View\View->CodeIgniter\View\{closure}()
#3 C:\xampp\htdocs\cdi\system\Common.php(1089): CodeIgniter\View\View->render('index', Array, true)
#4 C:\xampp\htdocs\cdi\app\Controllers\RhController.php(99): view('index', Array)
#5 C:\xampp\htdocs\cdi\system\CodeIgniter.php(832): App\Controllers\RhController->singninRh()
#6 C:\xampp\htdocs\cdi\system\CodeIgniter.php(419): CodeIgniter\CodeIgniter->runController(Object(App\Controllers\RhController))
#7 C:\xampp\htdocs\cdi\system\CodeIgniter.php(326): CodeIgniter\CodeIgniter->handleRequest(NULL, Object(Config\Cache), false)
#8 C:\xampp\htdocs\cdi\public\index.php(37): CodeIgniter\CodeIgniter->run()
#9 C:\xampp\htdocs\cdi\system\Commands\Server\rewrite.php(43): require_once('C:\\xampp\\htdocs...')
#10 {main}
CRITICAL - 2023-02-22 09:03:09 --> Undefined variable $validation
#0 C:\xampp\htdocs\cdi\app\Views\admin\index.php(51): CodeIgniter\Debug\Exceptions->errorHandler(2, 'Undefined varia...', 'C:\\xampp\\htdocs...', 51)
#1 C:\xampp\htdocs\cdi\system\View\View.php(210): include('C:\\xampp\\htdocs...')
#2 C:\xampp\htdocs\cdi\system\View\View.php(213): CodeIgniter\View\View->CodeIgniter\View\{closure}()
#3 C:\xampp\htdocs\cdi\system\Common.php(1089): CodeIgniter\View\View->render('admin/index', Array, true)
#4 C:\xampp\htdocs\cdi\app\Controllers\AdminController.php(22): view('admin/index')
#5 C:\xampp\htdocs\cdi\system\CodeIgniter.php(832): App\Controllers\AdminController->index()
#6 C:\xampp\htdocs\cdi\system\CodeIgniter.php(419): CodeIgniter\CodeIgniter->runController(Object(App\Controllers\AdminController))
#7 C:\xampp\htdocs\cdi\system\CodeIgniter.php(326): CodeIgniter\CodeIgniter->handleRequest(NULL, Object(Config\Cache), false)
#8 C:\xampp\htdocs\cdi\public\index.php(37): CodeIgniter\CodeIgniter->run()
#9 C:\xampp\htdocs\cdi\system\Commands\Server\rewrite.php(43): require_once('C:\\xampp\\htdocs...')
#10 {main}
CRITICAL - 2023-02-22 09:04:56 --> Undefined variable $validation
#0 C:\xampp\htdocs\cdi\app\Views\admin\index.php(51): CodeIgniter\Debug\Exceptions->errorHandler(2, 'Undefined varia...', 'C:\\xampp\\htdocs...', 51)
#1 C:\xampp\htdocs\cdi\system\View\View.php(210): include('C:\\xampp\\htdocs...')
#2 C:\xampp\htdocs\cdi\system\View\View.php(213): CodeIgniter\View\View->CodeIgniter\View\{closure}()
#3 C:\xampp\htdocs\cdi\system\Common.php(1089): CodeIgniter\View\View->render('admin/index', Array, true)
#4 C:\xampp\htdocs\cdi\app\Controllers\AdminController.php(22): view('admin/index')
#5 C:\xampp\htdocs\cdi\system\CodeIgniter.php(832): App\Controllers\AdminController->index()
#6 C:\xampp\htdocs\cdi\system\CodeIgniter.php(419): CodeIgniter\CodeIgniter->runController(Object(App\Controllers\AdminController))
#7 C:\xampp\htdocs\cdi\system\CodeIgniter.php(326): CodeIgniter\CodeIgniter->handleRequest(NULL, Object(Config\Cache), false)
#8 C:\xampp\htdocs\cdi\public\index.php(37): CodeIgniter\CodeIgniter->run()
#9 C:\xampp\htdocs\cdi\system\Commands\Server\rewrite.php(43): require_once('C:\\xampp\\htdocs...')
#10 {main}
CRITICAL - 2023-02-22 09:14:32 --> Undefined variable $validation
#0 C:\xampp\htdocs\cdi\app\Views\admin\index.php(51): CodeIgniter\Debug\Exceptions->errorHandler(2, 'Undefined varia...', 'C:\\xampp\\htdocs...', 51)
#1 C:\xampp\htdocs\cdi\system\View\View.php(210): include('C:\\xampp\\htdocs...')
#2 C:\xampp\htdocs\cdi\system\View\View.php(213): CodeIgniter\View\View->CodeIgniter\View\{closure}()
#3 C:\xampp\htdocs\cdi\system\Common.php(1089): CodeIgniter\View\View->render('admin/index', Array, true)
#4 C:\xampp\htdocs\cdi\app\Controllers\AdminController.php(22): view('admin/index')
#5 C:\xampp\htdocs\cdi\system\CodeIgniter.php(832): App\Controllers\AdminController->index()
#6 C:\xampp\htdocs\cdi\system\CodeIgniter.php(419): CodeIgniter\CodeIgniter->runController(Object(App\Controllers\AdminController))
#7 C:\xampp\htdocs\cdi\system\CodeIgniter.php(326): CodeIgniter\CodeIgniter->handleRequest(NULL, Object(Config\Cache), false)
#8 C:\xampp\htdocs\cdi\public\index.php(37): CodeIgniter\CodeIgniter->run()
#9 C:\xampp\htdocs\cdi\system\Commands\Server\rewrite.php(43): require_once('C:\\xampp\\htdocs...')
#10 {main}
CRITICAL - 2023-02-22 09:14:33 --> Undefined variable $validation
#0 C:\xampp\htdocs\cdi\app\Views\admin\index.php(51): CodeIgniter\Debug\Exceptions->errorHandler(2, 'Undefined varia...', 'C:\\xampp\\htdocs...', 51)
#1 C:\xampp\htdocs\cdi\system\View\View.php(210): include('C:\\xampp\\htdocs...')
#2 C:\xampp\htdocs\cdi\system\View\View.php(213): CodeIgniter\View\View->CodeIgniter\View\{closure}()
#3 C:\xampp\htdocs\cdi\system\Common.php(1089): CodeIgniter\View\View->render('admin/index', Array, true)
#4 C:\xampp\htdocs\cdi\app\Controllers\AdminController.php(22): view('admin/index')
#5 C:\xampp\htdocs\cdi\system\CodeIgniter.php(832): App\Controllers\AdminController->index()
#6 C:\xampp\htdocs\cdi\system\CodeIgniter.php(419): CodeIgniter\CodeIgniter->runController(Object(App\Controllers\AdminController))
#7 C:\xampp\htdocs\cdi\system\CodeIgniter.php(326): CodeIgniter\CodeIgniter->handleRequest(NULL, Object(Config\Cache), false)
#8 C:\xampp\htdocs\cdi\public\index.php(37): CodeIgniter\CodeIgniter->run()
#9 C:\xampp\htdocs\cdi\system\Commands\Server\rewrite.php(43): require_once('C:\\xampp\\htdocs...')
#10 {main}
CRITICAL - 2023-02-22 09:14:33 --> Undefined variable $validation
#0 C:\xampp\htdocs\cdi\app\Views\admin\index.php(51): CodeIgniter\Debug\Exceptions->errorHandler(2, 'Undefined varia...', 'C:\\xampp\\htdocs...', 51)
#1 C:\xampp\htdocs\cdi\system\View\View.php(210): include('C:\\xampp\\htdocs...')
#2 C:\xampp\htdocs\cdi\system\View\View.php(213): CodeIgniter\View\View->CodeIgniter\View\{closure}()
#3 C:\xampp\htdocs\cdi\system\Common.php(1089): CodeIgniter\View\View->render('admin/index', Array, true)
#4 C:\xampp\htdocs\cdi\app\Controllers\AdminController.php(22): view('admin/index')
#5 C:\xampp\htdocs\cdi\system\CodeIgniter.php(832): App\Controllers\AdminController->index()
#6 C:\xampp\htdocs\cdi\system\CodeIgniter.php(419): CodeIgniter\CodeIgniter->runController(Object(App\Controllers\AdminController))
#7 C:\xampp\htdocs\cdi\system\CodeIgniter.php(326): CodeIgniter\CodeIgniter->handleRequest(NULL, Object(Config\Cache), false)
#8 C:\xampp\htdocs\cdi\public\index.php(37): CodeIgniter\CodeIgniter->run()
#9 C:\xampp\htdocs\cdi\system\Commands\Server\rewrite.php(43): require_once('C:\\xampp\\htdocs...')
#10 {main}
CRITICAL - 2023-02-22 09:14:33 --> Undefined variable $validation
#0 C:\xampp\htdocs\cdi\app\Views\admin\index.php(51): CodeIgniter\Debug\Exceptions->errorHandler(2, 'Undefined varia...', 'C:\\xampp\\htdocs...', 51)
#1 C:\xampp\htdocs\cdi\system\View\View.php(210): include('C:\\xampp\\htdocs...')
#2 C:\xampp\htdocs\cdi\system\View\View.php(213): CodeIgniter\View\View->CodeIgniter\View\{closure}()
#3 C:\xampp\htdocs\cdi\system\Common.php(1089): CodeIgniter\View\View->render('admin/index', Array, true)
#4 C:\xampp\htdocs\cdi\app\Controllers\AdminController.php(22): view('admin/index')
#5 C:\xampp\htdocs\cdi\system\CodeIgniter.php(832): App\Controllers\AdminController->index()
#6 C:\xampp\htdocs\cdi\system\CodeIgniter.php(419): CodeIgniter\CodeIgniter->runController(Object(App\Controllers\AdminController))
#7 C:\xampp\htdocs\cdi\system\CodeIgniter.php(326): CodeIgniter\CodeIgniter->handleRequest(NULL, Object(Config\Cache), false)
#8 C:\xampp\htdocs\cdi\public\index.php(37): CodeIgniter\CodeIgniter->run()
#9 C:\xampp\htdocs\cdi\system\Commands\Server\rewrite.php(43): require_once('C:\\xampp\\htdocs...')
#10 {main}
CRITICAL - 2023-02-22 09:14:38 --> Undefined variable $validation
#0 C:\xampp\htdocs\cdi\app\Views\admin\index.php(51): CodeIgniter\Debug\Exceptions->errorHandler(2, 'Undefined varia...', 'C:\\xampp\\htdocs...', 51)
#1 C:\xampp\htdocs\cdi\system\View\View.php(210): include('C:\\xampp\\htdocs...')
#2 C:\xampp\htdocs\cdi\system\View\View.php(213): CodeIgniter\View\View->CodeIgniter\View\{closure}()
#3 C:\xampp\htdocs\cdi\system\Common.php(1089): CodeIgniter\View\View->render('admin/index', Array, true)
#4 C:\xampp\htdocs\cdi\app\Controllers\AdminController.php(22): view('admin/index')
#5 C:\xampp\htdocs\cdi\system\CodeIgniter.php(832): App\Controllers\AdminController->index()
#6 C:\xampp\htdocs\cdi\system\CodeIgniter.php(419): CodeIgniter\CodeIgniter->runController(Object(App\Controllers\AdminController))
#7 C:\xampp\htdocs\cdi\system\CodeIgniter.php(326): CodeIgniter\CodeIgniter->handleRequest(NULL, Object(Config\Cache), false)
#8 C:\xampp\htdocs\cdi\public\index.php(37): CodeIgniter\CodeIgniter->run()
#9 C:\xampp\htdocs\cdi\system\Commands\Server\rewrite.php(43): require_once('C:\\xampp\\htdocs...')
#10 {main}
CRITICAL - 2023-02-22 09:18:57 --> Undefined variable $validation
#0 C:\xampp\htdocs\cdi\app\Views\admin\index.php(51): CodeIgniter\Debug\Exceptions->errorHandler(2, 'Undefined varia...', 'C:\\xampp\\htdocs...', 51)
#1 C:\xampp\htdocs\cdi\system\View\View.php(210): include('C:\\xampp\\htdocs...')
#2 C:\xampp\htdocs\cdi\system\View\View.php(213): CodeIgniter\View\View->CodeIgniter\View\{closure}()
#3 C:\xampp\htdocs\cdi\system\Common.php(1089): CodeIgniter\View\View->render('admin/index', Array, true)
#4 C:\xampp\htdocs\cdi\app\Controllers\AdminController.php(22): view('admin/index')
#5 C:\xampp\htdocs\cdi\system\CodeIgniter.php(832): App\Controllers\AdminController->index()
#6 C:\xampp\htdocs\cdi\system\CodeIgniter.php(419): CodeIgniter\CodeIgniter->runController(Object(App\Controllers\AdminController))
#7 C:\xampp\htdocs\cdi\system\CodeIgniter.php(326): CodeIgniter\CodeIgniter->handleRequest(NULL, Object(Config\Cache), false)
#8 C:\xampp\htdocs\cdi\public\index.php(37): CodeIgniter\CodeIgniter->run()
#9 C:\xampp\htdocs\cdi\system\Commands\Server\rewrite.php(43): require_once('C:\\xampp\\htdocs...')
#10 {main}
CRITICAL - 2023-02-22 09:18:58 --> Undefined variable $validation
#0 C:\xampp\htdocs\cdi\app\Views\admin\index.php(51): CodeIgniter\Debug\Exceptions->errorHandler(2, 'Undefined varia...', 'C:\\xampp\\htdocs...', 51)
#1 C:\xampp\htdocs\cdi\system\View\View.php(210): include('C:\\xampp\\htdocs...')
#2 C:\xampp\htdocs\cdi\system\View\View.php(213): CodeIgniter\View\View->CodeIgniter\View\{closure}()
#3 C:\xampp\htdocs\cdi\system\Common.php(1089): CodeIgniter\View\View->render('admin/index', Array, true)
#4 C:\xampp\htdocs\cdi\app\Controllers\AdminController.php(22): view('admin/index')
#5 C:\xampp\htdocs\cdi\system\CodeIgniter.php(832): App\Controllers\AdminController->index()
#6 C:\xampp\htdocs\cdi\system\CodeIgniter.php(419): CodeIgniter\CodeIgniter->runController(Object(App\Controllers\AdminController))
#7 C:\xampp\htdocs\cdi\system\CodeIgniter.php(326): CodeIgniter\CodeIgniter->handleRequest(NULL, Object(Config\Cache), false)
#8 C:\xampp\htdocs\cdi\public\index.php(37): CodeIgniter\CodeIgniter->run()
#9 C:\xampp\htdocs\cdi\system\Commands\Server\rewrite.php(43): require_once('C:\\xampp\\htdocs...')
#10 {main}
CRITICAL - 2023-02-22 09:18:58 --> Undefined variable $validation
#0 C:\xampp\htdocs\cdi\app\Views\admin\index.php(51): CodeIgniter\Debug\Exceptions->errorHandler(2, 'Undefined varia...', 'C:\\xampp\\htdocs...', 51)
#1 C:\xampp\htdocs\cdi\system\View\View.php(210): include('C:\\xampp\\htdocs...')
#2 C:\xampp\htdocs\cdi\system\View\View.php(213): CodeIgniter\View\View->CodeIgniter\View\{closure}()
#3 C:\xampp\htdocs\cdi\system\Common.php(1089): CodeIgniter\View\View->render('admin/index', Array, true)
#4 C:\xampp\htdocs\cdi\app\Controllers\AdminController.php(22): view('admin/index')
#5 C:\xampp\htdocs\cdi\system\CodeIgniter.php(832): App\Controllers\AdminController->index()
#6 C:\xampp\htdocs\cdi\system\CodeIgniter.php(419): CodeIgniter\CodeIgniter->runController(Object(App\Controllers\AdminController))
#7 C:\xampp\htdocs\cdi\system\CodeIgniter.php(326): CodeIgniter\CodeIgniter->handleRequest(NULL, Object(Config\Cache), false)
#8 C:\xampp\htdocs\cdi\public\index.php(37): CodeIgniter\CodeIgniter->run()
#9 C:\xampp\htdocs\cdi\system\Commands\Server\rewrite.php(43): require_once('C:\\xampp\\htdocs...')
#10 {main}
CRITICAL - 2023-02-22 09:18:59 --> Undefined variable $validation
#0 C:\xampp\htdocs\cdi\app\Views\admin\index.php(51): CodeIgniter\Debug\Exceptions->errorHandler(2, 'Undefined varia...', 'C:\\xampp\\htdocs...', 51)
#1 C:\xampp\htdocs\cdi\system\View\View.php(210): include('C:\\xampp\\htdocs...')
#2 C:\xampp\htdocs\cdi\system\View\View.php(213): CodeIgniter\View\View->CodeIgniter\View\{closure}()
#3 C:\xampp\htdocs\cdi\system\Common.php(1089): CodeIgniter\View\View->render('admin/index', Array, true)
#4 C:\xampp\htdocs\cdi\app\Controllers\AdminController.php(22): view('admin/index')
#5 C:\xampp\htdocs\cdi\system\CodeIgniter.php(832): App\Controllers\AdminController->index()
#6 C:\xampp\htdocs\cdi\system\CodeIgniter.php(419): CodeIgniter\CodeIgniter->runController(Object(App\Controllers\AdminController))
#7 C:\xampp\htdocs\cdi\system\CodeIgniter.php(326): CodeIgniter\CodeIgniter->handleRequest(NULL, Object(Config\Cache), false)
#8 C:\xampp\htdocs\cdi\public\index.php(37): CodeIgniter\CodeIgniter->run()
#9 C:\xampp\htdocs\cdi\system\Commands\Server\rewrite.php(43): require_once('C:\\xampp\\htdocs...')
#10 {main}
CRITICAL - 2023-02-22 09:18:59 --> Undefined variable $validation
#0 C:\xampp\htdocs\cdi\app\Views\admin\index.php(51): CodeIgniter\Debug\Exceptions->errorHandler(2, 'Undefined varia...', 'C:\\xampp\\htdocs...', 51)
#1 C:\xampp\htdocs\cdi\system\View\View.php(210): include('C:\\xampp\\htdocs...')
#2 C:\xampp\htdocs\cdi\system\View\View.php(213): CodeIgniter\View\View->CodeIgniter\View\{closure}()
#3 C:\xampp\htdocs\cdi\system\Common.php(1089): CodeIgniter\View\View->render('admin/index', Array, true)
#4 C:\xampp\htdocs\cdi\app\Controllers\AdminController.php(22): view('admin/index')
#5 C:\xampp\htdocs\cdi\system\CodeIgniter.php(832): App\Controllers\AdminController->index()
#6 C:\xampp\htdocs\cdi\system\CodeIgniter.php(419): CodeIgniter\CodeIgniter->runController(Object(App\Controllers\AdminController))
#7 C:\xampp\htdocs\cdi\system\CodeIgniter.php(326): CodeIgniter\CodeIgniter->handleRequest(NULL, Object(Config\Cache), false)
#8 C:\xampp\htdocs\cdi\public\index.php(37): CodeIgniter\CodeIgniter->run()
#9 C:\xampp\htdocs\cdi\system\Commands\Server\rewrite.php(43): require_once('C:\\xampp\\htdocs...')
#10 {main}
CRITICAL - 2023-02-22 09:19:00 --> Undefined variable $validation
#0 C:\xampp\htdocs\cdi\app\Views\admin\index.php(51): CodeIgniter\Debug\Exceptions->errorHandler(2, 'Undefined varia...', 'C:\\xampp\\htdocs...', 51)
#1 C:\xampp\htdocs\cdi\system\View\View.php(210): include('C:\\xampp\\htdocs...')
#2 C:\xampp\htdocs\cdi\system\View\View.php(213): CodeIgniter\View\View->CodeIgniter\View\{closure}()
#3 C:\xampp\htdocs\cdi\system\Common.php(1089): CodeIgniter\View\View->render('admin/index', Array, true)
#4 C:\xampp\htdocs\cdi\app\Controllers\AdminController.php(22): view('admin/index')
#5 C:\xampp\htdocs\cdi\system\CodeIgniter.php(832): App\Controllers\AdminController->index()
#6 C:\xampp\htdocs\cdi\system\CodeIgniter.php(419): CodeIgniter\CodeIgniter->runController(Object(App\Controllers\AdminController))
#7 C:\xampp\htdocs\cdi\system\CodeIgniter.php(326): CodeIgniter\CodeIgniter->handleRequest(NULL, Object(Config\Cache), false)
#8 C:\xampp\htdocs\cdi\public\index.php(37): CodeIgniter\CodeIgniter->run()
#9 C:\xampp\htdocs\cdi\system\Commands\Server\rewrite.php(43): require_once('C:\\xampp\\htdocs...')
#10 {main}
CRITICAL - 2023-02-22 09:19:00 --> Undefined variable $validation
#0 C:\xampp\htdocs\cdi\app\Views\admin\index.php(51): CodeIgniter\Debug\Exceptions->errorHandler(2, 'Undefined varia...', 'C:\\xampp\\htdocs...', 51)
#1 C:\xampp\htdocs\cdi\system\View\View.php(210): include('C:\\xampp\\htdocs...')
#2 C:\xampp\htdocs\cdi\system\View\View.php(213): CodeIgniter\View\View->CodeIgniter\View\{closure}()
#3 C:\xampp\htdocs\cdi\system\Common.php(1089): CodeIgniter\View\View->render('admin/index', Array, true)
#4 C:\xampp\htdocs\cdi\app\Controllers\AdminController.php(22): view('admin/index')
#5 C:\xampp\htdocs\cdi\system\CodeIgniter.php(832): App\Controllers\AdminController->index()
#6 C:\xampp\htdocs\cdi\system\CodeIgniter.php(419): CodeIgniter\CodeIgniter->runController(Object(App\Controllers\AdminController))
#7 C:\xampp\htdocs\cdi\system\CodeIgniter.php(326): CodeIgniter\CodeIgniter->handleRequest(NULL, Object(Config\Cache), false)
#8 C:\xampp\htdocs\cdi\public\index.php(37): CodeIgniter\CodeIgniter->run()
#9 C:\xampp\htdocs\cdi\system\Commands\Server\rewrite.php(43): require_once('C:\\xampp\\htdocs...')
#10 {main}
CRITICAL - 2023-02-22 09:19:00 --> Undefined variable $validation
#0 C:\xampp\htdocs\cdi\app\Views\admin\index.php(51): CodeIgniter\Debug\Exceptions->errorHandler(2, 'Undefined varia...', 'C:\\xampp\\htdocs...', 51)
#1 C:\xampp\htdocs\cdi\system\View\View.php(210): include('C:\\xampp\\htdocs...')
#2 C:\xampp\htdocs\cdi\system\View\View.php(213): CodeIgniter\View\View->CodeIgniter\View\{closure}()
#3 C:\xampp\htdocs\cdi\system\Common.php(1089): CodeIgniter\View\View->render('admin/index', Array, true)
#4 C:\xampp\htdocs\cdi\app\Controllers\AdminController.php(22): view('admin/index')
#5 C:\xampp\htdocs\cdi\system\CodeIgniter.php(832): App\Controllers\AdminController->index()
#6 C:\xampp\htdocs\cdi\system\CodeIgniter.php(419): CodeIgniter\CodeIgniter->runController(Object(App\Controllers\AdminController))
#7 C:\xampp\htdocs\cdi\system\CodeIgniter.php(326): CodeIgniter\CodeIgniter->handleRequest(NULL, Object(Config\Cache), false)
#8 C:\xampp\htdocs\cdi\public\index.php(37): CodeIgniter\CodeIgniter->run()
#9 C:\xampp\htdocs\cdi\system\Commands\Server\rewrite.php(43): require_once('C:\\xampp\\htdocs...')
#10 {main}
CRITICAL - 2023-02-22 09:19:00 --> Undefined variable $validation
#0 C:\xampp\htdocs\cdi\app\Views\admin\index.php(51): CodeIgniter\Debug\Exceptions->errorHandler(2, 'Undefined varia...', 'C:\\xampp\\htdocs...', 51)
#1 C:\xampp\htdocs\cdi\system\View\View.php(210): include('C:\\xampp\\htdocs...')
#2 C:\xampp\htdocs\cdi\system\View\View.php(213): CodeIgniter\View\View->CodeIgniter\View\{closure}()
#3 C:\xampp\htdocs\cdi\system\Common.php(1089): CodeIgniter\View\View->render('admin/index', Array, true)
#4 C:\xampp\htdocs\cdi\app\Controllers\AdminController.php(22): view('admin/index')
#5 C:\xampp\htdocs\cdi\system\CodeIgniter.php(832): App\Controllers\AdminController->index()
#6 C:\xampp\htdocs\cdi\system\CodeIgniter.php(419): CodeIgniter\CodeIgniter->runController(Object(App\Controllers\AdminController))
#7 C:\xampp\htdocs\cdi\system\CodeIgniter.php(326): CodeIgniter\CodeIgniter->handleRequest(NULL, Object(Config\Cache), false)
#8 C:\xampp\htdocs\cdi\public\index.php(37): CodeIgniter\CodeIgniter->run()
#9 C:\xampp\htdocs\cdi\system\Commands\Server\rewrite.php(43): require_once('C:\\xampp\\htdocs...')
#10 {main}
CRITICAL - 2023-02-22 09:19:00 --> Undefined variable $validation
#0 C:\xampp\htdocs\cdi\app\Views\admin\index.php(51): CodeIgniter\Debug\Exceptions->errorHandler(2, 'Undefined varia...', 'C:\\xampp\\htdocs...', 51)
#1 C:\xampp\htdocs\cdi\system\View\View.php(210): include('C:\\xampp\\htdocs...')
#2 C:\xampp\htdocs\cdi\system\View\View.php(213): CodeIgniter\View\View->CodeIgniter\View\{closure}()
#3 C:\xampp\htdocs\cdi\system\Common.php(1089): CodeIgniter\View\View->render('admin/index', Array, true)
#4 C:\xampp\htdocs\cdi\app\Controllers\AdminController.php(22): view('admin/index')
#5 C:\xampp\htdocs\cdi\system\CodeIgniter.php(832): App\Controllers\AdminController->index()
#6 C:\xampp\htdocs\cdi\system\CodeIgniter.php(419): CodeIgniter\CodeIgniter->runController(Object(App\Controllers\AdminController))
#7 C:\xampp\htdocs\cdi\system\CodeIgniter.php(326): CodeIgniter\CodeIgniter->handleRequest(NULL, Object(Config\Cache), false)
#8 C:\xampp\htdocs\cdi\public\index.php(37): CodeIgniter\CodeIgniter->run()
#9 C:\xampp\htdocs\cdi\system\Commands\Server\rewrite.php(43): require_once('C:\\xampp\\htdocs...')
#10 {main}
CRITICAL - 2023-02-22 09:19:01 --> Undefined variable $validation
#0 C:\xampp\htdocs\cdi\app\Views\admin\index.php(51): CodeIgniter\Debug\Exceptions->errorHandler(2, 'Undefined varia...', 'C:\\xampp\\htdocs...', 51)
#1 C:\xampp\htdocs\cdi\system\View\View.php(210): include('C:\\xampp\\htdocs...')
#2 C:\xampp\htdocs\cdi\system\View\View.php(213): CodeIgniter\View\View->CodeIgniter\View\{closure}()
#3 C:\xampp\htdocs\cdi\system\Common.php(1089): CodeIgniter\View\View->render('admin/index', Array, true)
#4 C:\xampp\htdocs\cdi\app\Controllers\AdminController.php(22): view('admin/index')
#5 C:\xampp\htdocs\cdi\system\CodeIgniter.php(832): App\Controllers\AdminController->index()
#6 C:\xampp\htdocs\cdi\system\CodeIgniter.php(419): CodeIgniter\CodeIgniter->runController(Object(App\Controllers\AdminController))
#7 C:\xampp\htdocs\cdi\system\CodeIgniter.php(326): CodeIgniter\CodeIgniter->handleRequest(NULL, Object(Config\Cache), false)
#8 C:\xampp\htdocs\cdi\public\index.php(37): CodeIgniter\CodeIgniter->run()
#9 C:\xampp\htdocs\cdi\system\Commands\Server\rewrite.php(43): require_once('C:\\xampp\\htdocs...')
#10 {main}
CRITICAL - 2023-02-22 09:19:01 --> Undefined variable $validation
#0 C:\xampp\htdocs\cdi\app\Views\admin\index.php(51): CodeIgniter\Debug\Exceptions->errorHandler(2, 'Undefined varia...', 'C:\\xampp\\htdocs...', 51)
#1 C:\xampp\htdocs\cdi\system\View\View.php(210): include('C:\\xampp\\htdocs...')
#2 C:\xampp\htdocs\cdi\system\View\View.php(213): CodeIgniter\View\View->CodeIgniter\View\{closure}()
#3 C:\xampp\htdocs\cdi\system\Common.php(1089): CodeIgniter\View\View->render('admin/index', Array, true)
#4 C:\xampp\htdocs\cdi\app\Controllers\AdminController.php(22): view('admin/index')
#5 C:\xampp\htdocs\cdi\system\CodeIgniter.php(832): App\Controllers\AdminController->index()
#6 C:\xampp\htdocs\cdi\system\CodeIgniter.php(419): CodeIgniter\CodeIgniter->runController(Object(App\Controllers\AdminController))
#7 C:\xampp\htdocs\cdi\system\CodeIgniter.php(326): CodeIgniter\CodeIgniter->handleRequest(NULL, Object(Config\Cache), false)
#8 C:\xampp\htdocs\cdi\public\index.php(37): CodeIgniter\CodeIgniter->run()
#9 C:\xampp\htdocs\cdi\system\Commands\Server\rewrite.php(43): require_once('C:\\xampp\\htdocs...')
#10 {main}
CRITICAL - 2023-02-22 09:19:01 --> Undefined variable $validation
#0 C:\xampp\htdocs\cdi\app\Views\admin\index.php(51): CodeIgniter\Debug\Exceptions->errorHandler(2, 'Undefined varia...', 'C:\\xampp\\htdocs...', 51)
#1 C:\xampp\htdocs\cdi\system\View\View.php(210): include('C:\\xampp\\htdocs...')
#2 C:\xampp\htdocs\cdi\system\View\View.php(213): CodeIgniter\View\View->CodeIgniter\View\{closure}()
#3 C:\xampp\htdocs\cdi\system\Common.php(1089): CodeIgniter\View\View->render('admin/index', Array, true)
#4 C:\xampp\htdocs\cdi\app\Controllers\AdminController.php(22): view('admin/index')
#5 C:\xampp\htdocs\cdi\system\CodeIgniter.php(832): App\Controllers\AdminController->index()
#6 C:\xampp\htdocs\cdi\system\CodeIgniter.php(419): CodeIgniter\CodeIgniter->runController(Object(App\Controllers\AdminController))
#7 C:\xampp\htdocs\cdi\system\CodeIgniter.php(326): CodeIgniter\CodeIgniter->handleRequest(NULL, Object(Config\Cache), false)
#8 C:\xampp\htdocs\cdi\public\index.php(37): CodeIgniter\CodeIgniter->run()
#9 C:\xampp\htdocs\cdi\system\Commands\Server\rewrite.php(43): require_once('C:\\xampp\\htdocs...')
#10 {main}
CRITICAL - 2023-02-22 09:19:01 --> Undefined variable $validation
#0 C:\xampp\htdocs\cdi\app\Views\admin\index.php(51): CodeIgniter\Debug\Exceptions->errorHandler(2, 'Undefined varia...', 'C:\\xampp\\htdocs...', 51)
#1 C:\xampp\htdocs\cdi\system\View\View.php(210): include('C:\\xampp\\htdocs...')
#2 C:\xampp\htdocs\cdi\system\View\View.php(213): CodeIgniter\View\View->CodeIgniter\View\{closure}()
#3 C:\xampp\htdocs\cdi\system\Common.php(1089): CodeIgniter\View\View->render('admin/index', Array, true)
#4 C:\xampp\htdocs\cdi\app\Controllers\AdminController.php(22): view('admin/index')
#5 C:\xampp\htdocs\cdi\system\CodeIgniter.php(832): App\Controllers\AdminController->index()
#6 C:\xampp\htdocs\cdi\system\CodeIgniter.php(419): CodeIgniter\CodeIgniter->runController(Object(App\Controllers\AdminController))
#7 C:\xampp\htdocs\cdi\system\CodeIgniter.php(326): CodeIgniter\CodeIgniter->handleRequest(NULL, Object(Config\Cache), false)
#8 C:\xampp\htdocs\cdi\public\index.php(37): CodeIgniter\CodeIgniter->run()
#9 C:\xampp\htdocs\cdi\system\Commands\Server\rewrite.php(43): require_once('C:\\xampp\\htdocs...')
#10 {main}
CRITICAL - 2023-02-22 09:19:01 --> Undefined variable $validation
#0 C:\xampp\htdocs\cdi\app\Views\admin\index.php(51): CodeIgniter\Debug\Exceptions->errorHandler(2, 'Undefined varia...', 'C:\\xampp\\htdocs...', 51)
#1 C:\xampp\htdocs\cdi\system\View\View.php(210): include('C:\\xampp\\htdocs...')
#2 C:\xampp\htdocs\cdi\system\View\View.php(213): CodeIgniter\View\View->CodeIgniter\View\{closure}()
#3 C:\xampp\htdocs\cdi\system\Common.php(1089): CodeIgniter\View\View->render('admin/index', Array, true)
#4 C:\xampp\htdocs\cdi\app\Controllers\AdminController.php(22): view('admin/index')
#5 C:\xampp\htdocs\cdi\system\CodeIgniter.php(832): App\Controllers\AdminController->index()
#6 C:\xampp\htdocs\cdi\system\CodeIgniter.php(419): CodeIgniter\CodeIgniter->runController(Object(App\Controllers\AdminController))
#7 C:\xampp\htdocs\cdi\system\CodeIgniter.php(326): CodeIgniter\CodeIgniter->handleRequest(NULL, Object(Config\Cache), false)
#8 C:\xampp\htdocs\cdi\public\index.php(37): CodeIgniter\CodeIgniter->run()
#9 C:\xampp\htdocs\cdi\system\Commands\Server\rewrite.php(43): require_once('C:\\xampp\\htdocs...')
#10 {main}
CRITICAL - 2023-02-22 09:19:02 --> Undefined variable $validation
#0 C:\xampp\htdocs\cdi\app\Views\admin\index.php(51): CodeIgniter\Debug\Exceptions->errorHandler(2, 'Undefined varia...', 'C:\\xampp\\htdocs...', 51)
#1 C:\xampp\htdocs\cdi\system\View\View.php(210): include('C:\\xampp\\htdocs...')
#2 C:\xampp\htdocs\cdi\system\View\View.php(213): CodeIgniter\View\View->CodeIgniter\View\{closure}()
#3 C:\xampp\htdocs\cdi\system\Common.php(1089): CodeIgniter\View\View->render('admin/index', Array, true)
#4 C:\xampp\htdocs\cdi\app\Controllers\AdminController.php(22): view('admin/index')
#5 C:\xampp\htdocs\cdi\system\CodeIgniter.php(832): App\Controllers\AdminController->index()
#6 C:\xampp\htdocs\cdi\system\CodeIgniter.php(419): CodeIgniter\CodeIgniter->runController(Object(App\Controllers\AdminController))
#7 C:\xampp\htdocs\cdi\system\CodeIgniter.php(326): CodeIgniter\CodeIgniter->handleRequest(NULL, Object(Config\Cache), false)
#8 C:\xampp\htdocs\cdi\public\index.php(37): CodeIgniter\CodeIgniter->run()
#9 C:\xampp\htdocs\cdi\system\Commands\Server\rewrite.php(43): require_once('C:\\xampp\\htdocs...')
#10 {main}
CRITICAL - 2023-02-22 09:19:02 --> Undefined variable $validation
#0 C:\xampp\htdocs\cdi\app\Views\admin\index.php(51): CodeIgniter\Debug\Exceptions->errorHandler(2, 'Undefined varia...', 'C:\\xampp\\htdocs...', 51)
#1 C:\xampp\htdocs\cdi\system\View\View.php(210): include('C:\\xampp\\htdocs...')
#2 C:\xampp\htdocs\cdi\system\View\View.php(213): CodeIgniter\View\View->CodeIgniter\View\{closure}()
#3 C:\xampp\htdocs\cdi\system\Common.php(1089): CodeIgniter\View\View->render('admin/index', Array, true)
#4 C:\xampp\htdocs\cdi\app\Controllers\AdminController.php(22): view('admin/index')
#5 C:\xampp\htdocs\cdi\system\CodeIgniter.php(832): App\Controllers\AdminController->index()
#6 C:\xampp\htdocs\cdi\system\CodeIgniter.php(419): CodeIgniter\CodeIgniter->runController(Object(App\Controllers\AdminController))
#7 C:\xampp\htdocs\cdi\system\CodeIgniter.php(326): CodeIgniter\CodeIgniter->handleRequest(NULL, Object(Config\Cache), false)
#8 C:\xampp\htdocs\cdi\public\index.php(37): CodeIgniter\CodeIgniter->run()
#9 C:\xampp\htdocs\cdi\system\Commands\Server\rewrite.php(43): require_once('C:\\xampp\\htdocs...')
#10 {main}
CRITICAL - 2023-02-22 09:19:02 --> Undefined variable $validation
#0 C:\xampp\htdocs\cdi\app\Views\admin\index.php(51): CodeIgniter\Debug\Exceptions->errorHandler(2, 'Undefined varia...', 'C:\\xampp\\htdocs...', 51)
#1 C:\xampp\htdocs\cdi\system\View\View.php(210): include('C:\\xampp\\htdocs...')
#2 C:\xampp\htdocs\cdi\system\View\View.php(213): CodeIgniter\View\View->CodeIgniter\View\{closure}()
#3 C:\xampp\htdocs\cdi\system\Common.php(1089): CodeIgniter\View\View->render('admin/index', Array, true)
#4 C:\xampp\htdocs\cdi\app\Controllers\AdminController.php(22): view('admin/index')
#5 C:\xampp\htdocs\cdi\system\CodeIgniter.php(832): App\Controllers\AdminController->index()
#6 C:\xampp\htdocs\cdi\system\CodeIgniter.php(419): CodeIgniter\CodeIgniter->runController(Object(App\Controllers\AdminController))
#7 C:\xampp\htdocs\cdi\system\CodeIgniter.php(326): CodeIgniter\CodeIgniter->handleRequest(NULL, Object(Config\Cache), false)
#8 C:\xampp\htdocs\cdi\public\index.php(37): CodeIgniter\CodeIgniter->run()
#9 C:\xampp\htdocs\cdi\system\Commands\Server\rewrite.php(43): require_once('C:\\xampp\\htdocs...')
#10 {main}
CRITICAL - 2023-02-22 09:19:02 --> Undefined variable $validation
#0 C:\xampp\htdocs\cdi\app\Views\admin\index.php(51): CodeIgniter\Debug\Exceptions->errorHandler(2, 'Undefined varia...', 'C:\\xampp\\htdocs...', 51)
#1 C:\xampp\htdocs\cdi\system\View\View.php(210): include('C:\\xampp\\htdocs...')
#2 C:\xampp\htdocs\cdi\system\View\View.php(213): CodeIgniter\View\View->CodeIgniter\View\{closure}()
#3 C:\xampp\htdocs\cdi\system\Common.php(1089): CodeIgniter\View\View->render('admin/index', Array, true)
#4 C:\xampp\htdocs\cdi\app\Controllers\AdminController.php(22): view('admin/index')
#5 C:\xampp\htdocs\cdi\system\CodeIgniter.php(832): App\Controllers\AdminController->index()
#6 C:\xampp\htdocs\cdi\system\CodeIgniter.php(419): CodeIgniter\CodeIgniter->runController(Object(App\Controllers\AdminController))
#7 C:\xampp\htdocs\cdi\system\CodeIgniter.php(326): CodeIgniter\CodeIgniter->handleRequest(NULL, Object(Config\Cache), false)
#8 C:\xampp\htdocs\cdi\public\index.php(37): CodeIgniter\CodeIgniter->run()
#9 C:\xampp\htdocs\cdi\system\Commands\Server\rewrite.php(43): require_once('C:\\xampp\\htdocs...')
#10 {main}
CRITICAL - 2023-02-22 09:19:03 --> Undefined variable $validation
#0 C:\xampp\htdocs\cdi\app\Views\admin\index.php(51): CodeIgniter\Debug\Exceptions->errorHandler(2, 'Undefined varia...', 'C:\\xampp\\htdocs...', 51)
#1 C:\xampp\htdocs\cdi\system\View\View.php(210): include('C:\\xampp\\htdocs...')
#2 C:\xampp\htdocs\cdi\system\View\View.php(213): CodeIgniter\View\View->CodeIgniter\View\{closure}()
#3 C:\xampp\htdocs\cdi\system\Common.php(1089): CodeIgniter\View\View->render('admin/index', Array, true)
#4 C:\xampp\htdocs\cdi\app\Controllers\AdminController.php(22): view('admin/index')
#5 C:\xampp\htdocs\cdi\system\CodeIgniter.php(832): App\Controllers\AdminController->index()
#6 C:\xampp\htdocs\cdi\system\CodeIgniter.php(419): CodeIgniter\CodeIgniter->runController(Object(App\Controllers\AdminController))
#7 C:\xampp\htdocs\cdi\system\CodeIgniter.php(326): CodeIgniter\CodeIgniter->handleRequest(NULL, Object(Config\Cache), false)
#8 C:\xampp\htdocs\cdi\public\index.php(37): CodeIgniter\CodeIgniter->run()
#9 C:\xampp\htdocs\cdi\system\Commands\Server\rewrite.php(43): require_once('C:\\xampp\\htdocs...')
#10 {main}
CRITICAL - 2023-02-22 09:19:03 --> Undefined variable $validation
#0 C:\xampp\htdocs\cdi\app\Views\admin\index.php(51): CodeIgniter\Debug\Exceptions->errorHandler(2, 'Undefined varia...', 'C:\\xampp\\htdocs...', 51)
#1 C:\xampp\htdocs\cdi\system\View\View.php(210): include('C:\\xampp\\htdocs...')
#2 C:\xampp\htdocs\cdi\system\View\View.php(213): CodeIgniter\View\View->CodeIgniter\View\{closure}()
#3 C:\xampp\htdocs\cdi\system\Common.php(1089): CodeIgniter\View\View->render('admin/index', Array, true)
#4 C:\xampp\htdocs\cdi\app\Controllers\AdminController.php(22): view('admin/index')
#5 C:\xampp\htdocs\cdi\system\CodeIgniter.php(832): App\Controllers\AdminController->index()
#6 C:\xampp\htdocs\cdi\system\CodeIgniter.php(419): CodeIgniter\CodeIgniter->runController(Object(App\Controllers\AdminController))
#7 C:\xampp\htdocs\cdi\system\CodeIgniter.php(326): CodeIgniter\CodeIgniter->handleRequest(NULL, Object(Config\Cache), false)
#8 C:\xampp\htdocs\cdi\public\index.php(37): CodeIgniter\CodeIgniter->run()
#9 C:\xampp\htdocs\cdi\system\Commands\Server\rewrite.php(43): require_once('C:\\xampp\\htdocs...')
#10 {main}
CRITICAL - 2023-02-22 09:19:03 --> Undefined variable $validation
#0 C:\xampp\htdocs\cdi\app\Views\admin\index.php(51): CodeIgniter\Debug\Exceptions->errorHandler(2, 'Undefined varia...', 'C:\\xampp\\htdocs...', 51)
#1 C:\xampp\htdocs\cdi\system\View\View.php(210): include('C:\\xampp\\htdocs...')
#2 C:\xampp\htdocs\cdi\system\View\View.php(213): CodeIgniter\View\View->CodeIgniter\View\{closure}()
#3 C:\xampp\htdocs\cdi\system\Common.php(1089): CodeIgniter\View\View->render('admin/index', Array, true)
#4 C:\xampp\htdocs\cdi\app\Controllers\AdminController.php(22): view('admin/index')
#5 C:\xampp\htdocs\cdi\system\CodeIgniter.php(832): App\Controllers\AdminController->index()
#6 C:\xampp\htdocs\cdi\system\CodeIgniter.php(419): CodeIgniter\CodeIgniter->runController(Object(App\Controllers\AdminController))
#7 C:\xampp\htdocs\cdi\system\CodeIgniter.php(326): CodeIgniter\CodeIgniter->handleRequest(NULL, Object(Config\Cache), false)
#8 C:\xampp\htdocs\cdi\public\index.php(37): CodeIgniter\CodeIgniter->run()
#9 C:\xampp\htdocs\cdi\system\Commands\Server\rewrite.php(43): require_once('C:\\xampp\\htdocs...')
#10 {main}
CRITICAL - 2023-02-22 09:19:03 --> Undefined variable $validation
#0 C:\xampp\htdocs\cdi\app\Views\admin\index.php(51): CodeIgniter\Debug\Exceptions->errorHandler(2, 'Undefined varia...', 'C:\\xampp\\htdocs...', 51)
#1 C:\xampp\htdocs\cdi\system\View\View.php(210): include('C:\\xampp\\htdocs...')
#2 C:\xampp\htdocs\cdi\system\View\View.php(213): CodeIgniter\View\View->CodeIgniter\View\{closure}()
#3 C:\xampp\htdocs\cdi\system\Common.php(1089): CodeIgniter\View\View->render('admin/index', Array, true)
#4 C:\xampp\htdocs\cdi\app\Controllers\AdminController.php(22): view('admin/index')
#5 C:\xampp\htdocs\cdi\system\CodeIgniter.php(832): App\Controllers\AdminController->index()
#6 C:\xampp\htdocs\cdi\system\CodeIgniter.php(419): CodeIgniter\CodeIgniter->runController(Object(App\Controllers\AdminController))
#7 C:\xampp\htdocs\cdi\system\CodeIgniter.php(326): CodeIgniter\CodeIgniter->handleRequest(NULL, Object(Config\Cache), false)
#8 C:\xampp\htdocs\cdi\public\index.php(37): CodeIgniter\CodeIgniter->run()
#9 C:\xampp\htdocs\cdi\system\Commands\Server\rewrite.php(43): require_once('C:\\xampp\\htdocs...')
#10 {main}
CRITICAL - 2023-02-22 09:19:04 --> Undefined variable $validation
#0 C:\xampp\htdocs\cdi\app\Views\admin\index.php(51): CodeIgniter\Debug\Exceptions->errorHandler(2, 'Undefined varia...', 'C:\\xampp\\htdocs...', 51)
#1 C:\xampp\htdocs\cdi\system\View\View.php(210): include('C:\\xampp\\htdocs...')
#2 C:\xampp\htdocs\cdi\system\View\View.php(213): CodeIgniter\View\View->CodeIgniter\View\{closure}()
#3 C:\xampp\htdocs\cdi\system\Common.php(1089): CodeIgniter\View\View->render('admin/index', Array, true)
#4 C:\xampp\htdocs\cdi\app\Controllers\AdminController.php(22): view('admin/index')
#5 C:\xampp\htdocs\cdi\system\CodeIgniter.php(832): App\Controllers\AdminController->index()
#6 C:\xampp\htdocs\cdi\system\CodeIgniter.php(419): CodeIgniter\CodeIgniter->runController(Object(App\Controllers\AdminController))
#7 C:\xampp\htdocs\cdi\system\CodeIgniter.php(326): CodeIgniter\CodeIgniter->handleRequest(NULL, Object(Config\Cache), false)
#8 C:\xampp\htdocs\cdi\public\index.php(37): CodeIgniter\CodeIgniter->run()
#9 C:\xampp\htdocs\cdi\system\Commands\Server\rewrite.php(43): require_once('C:\\xampp\\htdocs...')
#10 {main}
CRITICAL - 2023-02-22 09:19:04 --> Undefined variable $validation
#0 C:\xampp\htdocs\cdi\app\Views\admin\index.php(51): CodeIgniter\Debug\Exceptions->errorHandler(2, 'Undefined varia...', 'C:\\xampp\\htdocs...', 51)
#1 C:\xampp\htdocs\cdi\system\View\View.php(210): include('C:\\xampp\\htdocs...')
#2 C:\xampp\htdocs\cdi\system\View\View.php(213): CodeIgniter\View\View->CodeIgniter\View\{closure}()
#3 C:\xampp\htdocs\cdi\system\Common.php(1089): CodeIgniter\View\View->render('admin/index', Array, true)
#4 C:\xampp\htdocs\cdi\app\Controllers\AdminController.php(22): view('admin/index')
#5 C:\xampp\htdocs\cdi\system\CodeIgniter.php(832): App\Controllers\AdminController->index()
#6 C:\xampp\htdocs\cdi\system\CodeIgniter.php(419): CodeIgniter\CodeIgniter->runController(Object(App\Controllers\AdminController))
#7 C:\xampp\htdocs\cdi\system\CodeIgniter.php(326): CodeIgniter\CodeIgniter->handleRequest(NULL, Object(Config\Cache), false)
#8 C:\xampp\htdocs\cdi\public\index.php(37): CodeIgniter\CodeIgniter->run()
#9 C:\xampp\htdocs\cdi\system\Commands\Server\rewrite.php(43): require_once('C:\\xampp\\htdocs...')
#10 {main}
CRITICAL - 2023-02-22 09:19:04 --> Undefined variable $validation
#0 C:\xampp\htdocs\cdi\app\Views\admin\index.php(51): CodeIgniter\Debug\Exceptions->errorHandler(2, 'Undefined varia...', 'C:\\xampp\\htdocs...', 51)
#1 C:\xampp\htdocs\cdi\system\View\View.php(210): include('C:\\xampp\\htdocs...')
#2 C:\xampp\htdocs\cdi\system\View\View.php(213): CodeIgniter\View\View->CodeIgniter\View\{closure}()
#3 C:\xampp\htdocs\cdi\system\Common.php(1089): CodeIgniter\View\View->render('admin/index', Array, true)
#4 C:\xampp\htdocs\cdi\app\Controllers\AdminController.php(22): view('admin/index')
#5 C:\xampp\htdocs\cdi\system\CodeIgniter.php(832): App\Controllers\AdminController->index()
#6 C:\xampp\htdocs\cdi\system\CodeIgniter.php(419): CodeIgniter\CodeIgniter->runController(Object(App\Controllers\AdminController))
#7 C:\xampp\htdocs\cdi\system\CodeIgniter.php(326): CodeIgniter\CodeIgniter->handleRequest(NULL, Object(Config\Cache), false)
#8 C:\xampp\htdocs\cdi\public\index.php(37): CodeIgniter\CodeIgniter->run()
#9 C:\xampp\htdocs\cdi\system\Commands\Server\rewrite.php(43): require_once('C:\\xampp\\htdocs...')
#10 {main}
CRITICAL - 2023-02-22 09:19:04 --> Undefined variable $validation
#0 C:\xampp\htdocs\cdi\app\Views\admin\index.php(51): CodeIgniter\Debug\Exceptions->errorHandler(2, 'Undefined varia...', 'C:\\xampp\\htdocs...', 51)
#1 C:\xampp\htdocs\cdi\system\View\View.php(210): include('C:\\xampp\\htdocs...')
#2 C:\xampp\htdocs\cdi\system\View\View.php(213): CodeIgniter\View\View->CodeIgniter\View\{closure}()
#3 C:\xampp\htdocs\cdi\system\Common.php(1089): CodeIgniter\View\View->render('admin/index', Array, true)
#4 C:\xampp\htdocs\cdi\app\Controllers\AdminController.php(22): view('admin/index')
#5 C:\xampp\htdocs\cdi\system\CodeIgniter.php(832): App\Controllers\AdminController->index()
#6 C:\xampp\htdocs\cdi\system\CodeIgniter.php(419): CodeIgniter\CodeIgniter->runController(Object(App\Controllers\AdminController))
#7 C:\xampp\htdocs\cdi\system\CodeIgniter.php(326): CodeIgniter\CodeIgniter->handleRequest(NULL, Object(Config\Cache), false)
#8 C:\xampp\htdocs\cdi\public\index.php(37): CodeIgniter\CodeIgniter->run()
#9 C:\xampp\htdocs\cdi\system\Commands\Server\rewrite.php(43): require_once('C:\\xampp\\htdocs...')
#10 {main}
CRITICAL - 2023-02-22 09:19:04 --> Undefined variable $validation
#0 C:\xampp\htdocs\cdi\app\Views\admin\index.php(51): CodeIgniter\Debug\Exceptions->errorHandler(2, 'Undefined varia...', 'C:\\xampp\\htdocs...', 51)
#1 C:\xampp\htdocs\cdi\system\View\View.php(210): include('C:\\xampp\\htdocs...')
#2 C:\xampp\htdocs\cdi\system\View\View.php(213): CodeIgniter\View\View->CodeIgniter\View\{closure}()
#3 C:\xampp\htdocs\cdi\system\Common.php(1089): CodeIgniter\View\View->render('admin/index', Array, true)
#4 C:\xampp\htdocs\cdi\app\Controllers\AdminController.php(22): view('admin/index')
#5 C:\xampp\htdocs\cdi\system\CodeIgniter.php(832): App\Controllers\AdminController->index()
#6 C:\xampp\htdocs\cdi\system\CodeIgniter.php(419): CodeIgniter\CodeIgniter->runController(Object(App\Controllers\AdminController))
#7 C:\xampp\htdocs\cdi\system\CodeIgniter.php(326): CodeIgniter\CodeIgniter->handleRequest(NULL, Object(Config\Cache), false)
#8 C:\xampp\htdocs\cdi\public\index.php(37): CodeIgniter\CodeIgniter->run()
#9 C:\xampp\htdocs\cdi\system\Commands\Server\rewrite.php(43): require_once('C:\\xampp\\htdocs...')
#10 {main}
CRITICAL - 2023-02-22 09:19:05 --> Undefined variable $validation
#0 C:\xampp\htdocs\cdi\app\Views\admin\index.php(51): CodeIgniter\Debug\Exceptions->errorHandler(2, 'Undefined varia...', 'C:\\xampp\\htdocs...', 51)
#1 C:\xampp\htdocs\cdi\system\View\View.php(210): include('C:\\xampp\\htdocs...')
#2 C:\xampp\htdocs\cdi\system\View\View.php(213): CodeIgniter\View\View->CodeIgniter\View\{closure}()
#3 C:\xampp\htdocs\cdi\system\Common.php(1089): CodeIgniter\View\View->render('admin/index', Array, true)
#4 C:\xampp\htdocs\cdi\app\Controllers\AdminController.php(22): view('admin/index')
#5 C:\xampp\htdocs\cdi\system\CodeIgniter.php(832): App\Controllers\AdminController->index()
#6 C:\xampp\htdocs\cdi\system\CodeIgniter.php(419): CodeIgniter\CodeIgniter->runController(Object(App\Controllers\AdminController))
#7 C:\xampp\htdocs\cdi\system\CodeIgniter.php(326): CodeIgniter\CodeIgniter->handleRequest(NULL, Object(Config\Cache), false)
#8 C:\xampp\htdocs\cdi\public\index.php(37): CodeIgniter\CodeIgniter->run()
#9 C:\xampp\htdocs\cdi\system\Commands\Server\rewrite.php(43): require_once('C:\\xampp\\htdocs...')
#10 {main}
CRITICAL - 2023-02-22 09:19:05 --> Undefined variable $validation
#0 C:\xampp\htdocs\cdi\app\Views\admin\index.php(51): CodeIgniter\Debug\Exceptions->errorHandler(2, 'Undefined varia...', 'C:\\xampp\\htdocs...', 51)
#1 C:\xampp\htdocs\cdi\system\View\View.php(210): include('C:\\xampp\\htdocs...')
#2 C:\xampp\htdocs\cdi\system\View\View.php(213): CodeIgniter\View\View->CodeIgniter\View\{closure}()
#3 C:\xampp\htdocs\cdi\system\Common.php(1089): CodeIgniter\View\View->render('admin/index', Array, true)
#4 C:\xampp\htdocs\cdi\app\Controllers\AdminController.php(22): view('admin/index')
#5 C:\xampp\htdocs\cdi\system\CodeIgniter.php(832): App\Controllers\AdminController->index()
#6 C:\xampp\htdocs\cdi\system\CodeIgniter.php(419): CodeIgniter\CodeIgniter->runController(Object(App\Controllers\AdminController))
#7 C:\xampp\htdocs\cdi\system\CodeIgniter.php(326): CodeIgniter\CodeIgniter->handleRequest(NULL, Object(Config\Cache), false)
#8 C:\xampp\htdocs\cdi\public\index.php(37): CodeIgniter\CodeIgniter->run()
#9 C:\xampp\htdocs\cdi\system\Commands\Server\rewrite.php(43): require_once('C:\\xampp\\htdocs...')
#10 {main}
CRITICAL - 2023-02-22 09:19:05 --> Undefined variable $validation
#0 C:\xampp\htdocs\cdi\app\Views\admin\index.php(51): CodeIgniter\Debug\Exceptions->errorHandler(2, 'Undefined varia...', 'C:\\xampp\\htdocs...', 51)
#1 C:\xampp\htdocs\cdi\system\View\View.php(210): include('C:\\xampp\\htdocs...')
#2 C:\xampp\htdocs\cdi\system\View\View.php(213): CodeIgniter\View\View->CodeIgniter\View\{closure}()
#3 C:\xampp\htdocs\cdi\system\Common.php(1089): CodeIgniter\View\View->render('admin/index', Array, true)
#4 C:\xampp\htdocs\cdi\app\Controllers\AdminController.php(22): view('admin/index')
#5 C:\xampp\htdocs\cdi\system\CodeIgniter.php(832): App\Controllers\AdminController->index()
#6 C:\xampp\htdocs\cdi\system\CodeIgniter.php(419): CodeIgniter\CodeIgniter->runController(Object(App\Controllers\AdminController))
#7 C:\xampp\htdocs\cdi\system\CodeIgniter.php(326): CodeIgniter\CodeIgniter->handleRequest(NULL, Object(Config\Cache), false)
#8 C:\xampp\htdocs\cdi\public\index.php(37): CodeIgniter\CodeIgniter->run()
#9 C:\xampp\htdocs\cdi\system\Commands\Server\rewrite.php(43): require_once('C:\\xampp\\htdocs...')
#10 {main}
CRITICAL - 2023-02-22 09:19:05 --> Undefined variable $validation
#0 C:\xampp\htdocs\cdi\app\Views\admin\index.php(51): CodeIgniter\Debug\Exceptions->errorHandler(2, 'Undefined varia...', 'C:\\xampp\\htdocs...', 51)
#1 C:\xampp\htdocs\cdi\system\View\View.php(210): include('C:\\xampp\\htdocs...')
#2 C:\xampp\htdocs\cdi\system\View\View.php(213): CodeIgniter\View\View->CodeIgniter\View\{closure}()
#3 C:\xampp\htdocs\cdi\system\Common.php(1089): CodeIgniter\View\View->render('admin/index', Array, true)
#4 C:\xampp\htdocs\cdi\app\Controllers\AdminController.php(22): view('admin/index')
#5 C:\xampp\htdocs\cdi\system\CodeIgniter.php(832): App\Controllers\AdminController->index()
#6 C:\xampp\htdocs\cdi\system\CodeIgniter.php(419): CodeIgniter\CodeIgniter->runController(Object(App\Controllers\AdminController))
#7 C:\xampp\htdocs\cdi\system\CodeIgniter.php(326): CodeIgniter\CodeIgniter->handleRequest(NULL, Object(Config\Cache), false)
#8 C:\xampp\htdocs\cdi\public\index.php(37): CodeIgniter\CodeIgniter->run()
#9 C:\xampp\htdocs\cdi\system\Commands\Server\rewrite.php(43): require_once('C:\\xampp\\htdocs...')
#10 {main}
CRITICAL - 2023-02-22 09:19:05 --> Undefined variable $validation
#0 C:\xampp\htdocs\cdi\app\Views\admin\index.php(51): CodeIgniter\Debug\Exceptions->errorHandler(2, 'Undefined varia...', 'C:\\xampp\\htdocs...', 51)
#1 C:\xampp\htdocs\cdi\system\View\View.php(210): include('C:\\xampp\\htdocs...')
#2 C:\xampp\htdocs\cdi\system\View\View.php(213): CodeIgniter\View\View->CodeIgniter\View\{closure}()
#3 C:\xampp\htdocs\cdi\system\Common.php(1089): CodeIgniter\View\View->render('admin/index', Array, true)
#4 C:\xampp\htdocs\cdi\app\Controllers\AdminController.php(22): view('admin/index')
#5 C:\xampp\htdocs\cdi\system\CodeIgniter.php(832): App\Controllers\AdminController->index()
#6 C:\xampp\htdocs\cdi\system\CodeIgniter.php(419): CodeIgniter\CodeIgniter->runController(Object(App\Controllers\AdminController))
#7 C:\xampp\htdocs\cdi\system\CodeIgniter.php(326): CodeIgniter\CodeIgniter->handleRequest(NULL, Object(Config\Cache), false)
#8 C:\xampp\htdocs\cdi\public\index.php(37): CodeIgniter\CodeIgniter->run()
#9 C:\xampp\htdocs\cdi\system\Commands\Server\rewrite.php(43): require_once('C:\\xampp\\htdocs...')
#10 {main}
CRITICAL - 2023-02-22 09:19:06 --> Undefined variable $validation
#0 C:\xampp\htdocs\cdi\app\Views\admin\index.php(51): CodeIgniter\Debug\Exceptions->errorHandler(2, 'Undefined varia...', 'C:\\xampp\\htdocs...', 51)
#1 C:\xampp\htdocs\cdi\system\View\View.php(210): include('C:\\xampp\\htdocs...')
#2 C:\xampp\htdocs\cdi\system\View\View.php(213): CodeIgniter\View\View->CodeIgniter\View\{closure}()
#3 C:\xampp\htdocs\cdi\system\Common.php(1089): CodeIgniter\View\View->render('admin/index', Array, true)
#4 C:\xampp\htdocs\cdi\app\Controllers\AdminController.php(22): view('admin/index')
#5 C:\xampp\htdocs\cdi\system\CodeIgniter.php(832): App\Controllers\AdminController->index()
#6 C:\xampp\htdocs\cdi\system\CodeIgniter.php(419): CodeIgniter\CodeIgniter->runController(Object(App\Controllers\AdminController))
#7 C:\xampp\htdocs\cdi\system\CodeIgniter.php(326): CodeIgniter\CodeIgniter->handleRequest(NULL, Object(Config\Cache), false)
#8 C:\xampp\htdocs\cdi\public\index.php(37): CodeIgniter\CodeIgniter->run()
#9 C:\xampp\htdocs\cdi\system\Commands\Server\rewrite.php(43): require_once('C:\\xampp\\htdocs...')
#10 {main}
CRITICAL - 2023-02-22 09:19:19 --> Undefined variable $validation
#0 C:\xampp\htdocs\cdi\app\Views\admin\index.php(51): CodeIgniter\Debug\Exceptions->errorHandler(2, 'Undefined varia...', 'C:\\xampp\\htdocs...', 51)
#1 C:\xampp\htdocs\cdi\system\View\View.php(210): include('C:\\xampp\\htdocs...')
#2 C:\xampp\htdocs\cdi\system\View\View.php(213): CodeIgniter\View\View->CodeIgniter\View\{closure}()
#3 C:\xampp\htdocs\cdi\system\Common.php(1089): CodeIgniter\View\View->render('admin/index', Array, true)
#4 C:\xampp\htdocs\cdi\app\Controllers\AdminController.php(22): view('admin/index')
#5 C:\xampp\htdocs\cdi\system\CodeIgniter.php(832): App\Controllers\AdminController->index()
#6 C:\xampp\htdocs\cdi\system\CodeIgniter.php(419): CodeIgniter\CodeIgniter->runController(Object(App\Controllers\AdminController))
#7 C:\xampp\htdocs\cdi\system\CodeIgniter.php(326): CodeIgniter\CodeIgniter->handleRequest(NULL, Object(Config\Cache), false)
#8 C:\xampp\htdocs\cdi\public\index.php(37): CodeIgniter\CodeIgniter->run()
#9 C:\xampp\htdocs\cdi\system\Commands\Server\rewrite.php(43): require_once('C:\\xampp\\htdocs...')
#10 {main}
CRITICAL - 2023-02-22 09:22:30 --> Invalid file: /dashb.php
#0 C:\xampp\htdocs\cdi\system\View\View.php(198): CodeIgniter\Exceptions\FrameworkException::forInvalidFile('/dashb.php')
#1 C:\xampp\htdocs\cdi\system\Common.php(1089): CodeIgniter\View\View->render('/dashb', Array, true)
#2 C:\xampp\htdocs\cdi\app\Controllers\AdminController.php(66): view('/dashb', Array)
#3 C:\xampp\htdocs\cdi\system\CodeIgniter.php(832): App\Controllers\AdminController->adminlogin()
#4 C:\xampp\htdocs\cdi\system\CodeIgniter.php(419): CodeIgniter\CodeIgniter->runController(Object(App\Controllers\AdminController))
#5 C:\xampp\htdocs\cdi\system\CodeIgniter.php(326): CodeIgniter\CodeIgniter->handleRequest(NULL, Object(Config\Cache), false)
#6 C:\xampp\htdocs\cdi\public\index.php(37): CodeIgniter\CodeIgniter->run()
#7 C:\xampp\htdocs\cdi\system\Commands\Server\rewrite.php(43): require_once('C:\\xampp\\htdocs...')
#8 {main}
CRITICAL - 2023-02-22 09:23:10 --> Undefined variable $user
#0 C:\xampp\htdocs\cdi\app\Views\include\header.php(29): CodeIgniter\Debug\Exceptions->errorHandler(2, 'Undefined varia...', 'C:\\xampp\\htdocs...', 29)
#1 C:\xampp\htdocs\cdi\system\View\View.php(210): include('C:\\xampp\\htdocs...')
#2 C:\xampp\htdocs\cdi\system\View\View.php(213): CodeIgniter\View\View->CodeIgniter\View\{closure}()
#3 C:\xampp\htdocs\cdi\system\Common.php(1089): CodeIgniter\View\View->render('include/header', Array, true)
#4 C:\xampp\htdocs\cdi\app\Views\dashboard.php(31): view('include/header')
#5 C:\xampp\htdocs\cdi\system\View\View.php(210): include('C:\\xampp\\htdocs...')
#6 C:\xampp\htdocs\cdi\system\View\View.php(213): CodeIgniter\View\View->CodeIgniter\View\{closure}()
#7 C:\xampp\htdocs\cdi\system\Common.php(1089): CodeIgniter\View\View->render('dashboard', Array, true)
#8 C:\xampp\htdocs\cdi\app\Controllers\AdminController.php(66): view('dashboard', Array)
#9 C:\xampp\htdocs\cdi\system\CodeIgniter.php(832): App\Controllers\AdminController->adminlogin()
#10 C:\xampp\htdocs\cdi\system\CodeIgniter.php(419): CodeIgniter\CodeIgniter->runController(Object(App\Controllers\AdminController))
#11 C:\xampp\htdocs\cdi\system\CodeIgniter.php(326): CodeIgniter\CodeIgniter->handleRequest(NULL, Object(Config\Cache), false)
#12 C:\xampp\htdocs\cdi\public\index.php(37): CodeIgniter\CodeIgniter->run()
#13 C:\xampp\htdocs\cdi\system\Commands\Server\rewrite.php(43): require_once('C:\\xampp\\htdocs...')
#14 {main}
CRITICAL - 2023-02-22 09:24:37 --> Undefined variable $userMod
#0 C:\xampp\htdocs\cdi\app\Views\admin\dashboard.php(67): CodeIgniter\Debug\Exceptions->errorHandler(2, 'Undefined varia...', 'C:\\xampp\\htdocs...', 67)
#1 C:\xampp\htdocs\cdi\system\View\View.php(210): include('C:\\xampp\\htdocs...')
#2 C:\xampp\htdocs\cdi\system\View\View.php(213): CodeIgniter\View\View->CodeIgniter\View\{closure}()
#3 C:\xampp\htdocs\cdi\system\Common.php(1089): CodeIgniter\View\View->render('/admin/dashboar...', Array, true)
#4 C:\xampp\htdocs\cdi\app\Controllers\AdminController.php(66): view('/admin/dashboar...', Array)
#5 C:\xampp\htdocs\cdi\system\CodeIgniter.php(832): App\Controllers\AdminController->adminlogin()
#6 C:\xampp\htdocs\cdi\system\CodeIgniter.php(419): CodeIgniter\CodeIgniter->runController(Object(App\Controllers\AdminController))
#7 C:\xampp\htdocs\cdi\system\CodeIgniter.php(326): CodeIgniter\CodeIgniter->handleRequest(NULL, Object(Config\Cache), false)
#8 C:\xampp\htdocs\cdi\public\index.php(37): CodeIgniter\CodeIgniter->run()
#9 C:\xampp\htdocs\cdi\system\Commands\Server\rewrite.php(43): require_once('C:\\xampp\\htdocs...')
#10 {main}
