ERROR - 2023-02-15 01:15:44 --> Error connecting to the database: Aucune connexion n’a pu être établie car l’ordinateur cible l’a expressément refusée
CRITICAL - 2023-02-15 01:15:44 --> Unable to connect to the database.
Main connection [MySQLi]: Aucune connexion n’a pu être établie car l’ordinateur cible l’a expressément refusée
#0 C:\xampp\htdocs\cdi\system\Database\BaseConnection.php(577): CodeIgniter\Database\BaseConnection->initialize()
#1 C:\xampp\htdocs\cdi\system\Database\BaseBuilder.php(1455): CodeIgniter\Database\BaseConnection->query('SELECT *\nFROM `...', Array, false)
#2 C:\xampp\htdocs\cdi\system\Model.php(183): CodeIgniter\Database\BaseBuilder->get()
#3 C:\xampp\htdocs\cdi\system\BaseModel.php(584): CodeIgniter\Model->doFindAll(0, 0)
#4 C:\xampp\htdocs\cdi\app\Controllers\Home.php(17): CodeIgniter\BaseModel->findAll()
#5 C:\xampp\htdocs\cdi\system\CodeIgniter.php(832): App\Controllers\Home->index()
#6 C:\xampp\htdocs\cdi\system\CodeIgniter.php(419): CodeIgniter\CodeIgniter->runController(Object(App\Controllers\Home))
#7 C:\xampp\htdocs\cdi\system\CodeIgniter.php(326): CodeIgniter\CodeIgniter->handleRequest(NULL, Object(Config\Cache), false)
#8 C:\xampp\htdocs\cdi\public\index.php(37): CodeIgniter\CodeIgniter->run()
#9 C:\xampp\htdocs\cdi\system\Commands\Server\rewrite.php(43): require_once('C:\\xampp\\htdocs...')
#10 {main}
ERROR - 2023-02-15 01:16:04 --> Error connecting to the database: Aucune connexion n’a pu être établie car l’ordinateur cible l’a expressément refusée
CRITICAL - 2023-02-15 01:16:04 --> Unable to connect to the database.
Main connection [MySQLi]: Aucune connexion n’a pu être établie car l’ordinateur cible l’a expressément refusée
#0 C:\xampp\htdocs\cdi\system\Database\BaseConnection.php(577): CodeIgniter\Database\BaseConnection->initialize()
#1 C:\xampp\htdocs\cdi\system\Database\BaseBuilder.php(1455): CodeIgniter\Database\BaseConnection->query('SELECT *\nFROM `...', Array, false)
#2 C:\xampp\htdocs\cdi\system\Model.php(183): CodeIgniter\Database\BaseBuilder->get()
#3 C:\xampp\htdocs\cdi\system\BaseModel.php(584): CodeIgniter\Model->doFindAll(0, 0)
#4 C:\xampp\htdocs\cdi\app\Controllers\Home.php(17): CodeIgniter\BaseModel->findAll()
#5 C:\xampp\htdocs\cdi\system\CodeIgniter.php(832): App\Controllers\Home->index()
#6 C:\xampp\htdocs\cdi\system\CodeIgniter.php(419): CodeIgniter\CodeIgniter->runController(Object(App\Controllers\Home))
#7 C:\xampp\htdocs\cdi\system\CodeIgniter.php(326): CodeIgniter\CodeIgniter->handleRequest(NULL, Object(Config\Cache), false)
#8 C:\xampp\htdocs\cdi\public\index.php(37): CodeIgniter\CodeIgniter->run()
#9 C:\xampp\htdocs\cdi\system\Commands\Server\rewrite.php(43): require_once('C:\\xampp\\htdocs...')
#10 {main}
CRITICAL - 2023-02-15 01:24:40 -->  route cannot be found while reverse-routing.
#0 C:\xampp\htdocs\cdi\system\HTTP\RedirectResponse.php(56): CodeIgniter\HTTP\Exceptions\HTTPException::forInvalidRedirectRoute('')
#1 C:\xampp\htdocs\cdi\system\Common.php(832): CodeIgniter\HTTP\RedirectResponse->route(false)
#2 C:\xampp\htdocs\cdi\app\Controllers\UsersController.php(210): redirect('mydemande/4')
#3 C:\xampp\htdocs\cdi\system\CodeIgniter.php(832): App\Controllers\UsersController->offerDemande('1')
#4 C:\xampp\htdocs\cdi\system\CodeIgniter.php(419): CodeIgniter\CodeIgniter->runController(Object(App\Controllers\UsersController))
#5 C:\xampp\htdocs\cdi\system\CodeIgniter.php(326): CodeIgniter\CodeIgniter->handleRequest(NULL, Object(Config\Cache), false)
#6 C:\xampp\htdocs\cdi\public\index.php(37): CodeIgniter\CodeIgniter->run()
#7 C:\xampp\htdocs\cdi\system\Commands\Server\rewrite.php(43): require_once('C:\\xampp\\htdocs...')
#8 {main}
CRITICAL - 2023-02-15 01:26:31 -->  route cannot be found while reverse-routing.
#0 C:\xampp\htdocs\cdi\system\HTTP\RedirectResponse.php(56): CodeIgniter\HTTP\Exceptions\HTTPException::forInvalidRedirectRoute('')
#1 C:\xampp\htdocs\cdi\system\Common.php(832): CodeIgniter\HTTP\RedirectResponse->route(false)
#2 C:\xampp\htdocs\cdi\app\Controllers\UsersController.php(210): redirect('myOffer/4')
#3 C:\xampp\htdocs\cdi\system\CodeIgniter.php(832): App\Controllers\UsersController->offerDemande('1')
#4 C:\xampp\htdocs\cdi\system\CodeIgniter.php(419): CodeIgniter\CodeIgniter->runController(Object(App\Controllers\UsersController))
#5 C:\xampp\htdocs\cdi\system\CodeIgniter.php(326): CodeIgniter\CodeIgniter->handleRequest(NULL, Object(Config\Cache), false)
#6 C:\xampp\htdocs\cdi\public\index.php(37): CodeIgniter\CodeIgniter->run()
#7 C:\xampp\htdocs\cdi\system\Commands\Server\rewrite.php(43): require_once('C:\\xampp\\htdocs...')
#8 {main}
CRITICAL - 2023-02-15 01:26:46 -->  route cannot be found while reverse-routing.
#0 C:\xampp\htdocs\cdi\system\HTTP\RedirectResponse.php(56): CodeIgniter\HTTP\Exceptions\HTTPException::forInvalidRedirectRoute('')
#1 C:\xampp\htdocs\cdi\system\Common.php(832): CodeIgniter\HTTP\RedirectResponse->route(false)
#2 C:\xampp\htdocs\cdi\app\Controllers\UsersController.php(210): redirect('myOffer/4')
#3 C:\xampp\htdocs\cdi\system\CodeIgniter.php(832): App\Controllers\UsersController->offerDemande('1')
#4 C:\xampp\htdocs\cdi\system\CodeIgniter.php(419): CodeIgniter\CodeIgniter->runController(Object(App\Controllers\UsersController))
#5 C:\xampp\htdocs\cdi\system\CodeIgniter.php(326): CodeIgniter\CodeIgniter->handleRequest(NULL, Object(Config\Cache), false)
#6 C:\xampp\htdocs\cdi\public\index.php(37): CodeIgniter\CodeIgniter->run()
#7 C:\xampp\htdocs\cdi\system\Commands\Server\rewrite.php(43): require_once('C:\\xampp\\htdocs...')
#8 {main}
CRITICAL - 2023-02-15 01:27:33 -->  route cannot be found while reverse-routing.
#0 C:\xampp\htdocs\cdi\system\HTTP\RedirectResponse.php(56): CodeIgniter\HTTP\Exceptions\HTTPException::forInvalidRedirectRoute('')
#1 C:\xampp\htdocs\cdi\system\Common.php(832): CodeIgniter\HTTP\RedirectResponse->route(false)
#2 C:\xampp\htdocs\cdi\app\Controllers\UsersController.php(210): redirect('myOffer/4')
#3 C:\xampp\htdocs\cdi\system\CodeIgniter.php(832): App\Controllers\UsersController->offerDemande('1')
#4 C:\xampp\htdocs\cdi\system\CodeIgniter.php(419): CodeIgniter\CodeIgniter->runController(Object(App\Controllers\UsersController))
#5 C:\xampp\htdocs\cdi\system\CodeIgniter.php(326): CodeIgniter\CodeIgniter->handleRequest(NULL, Object(Config\Cache), false)
#6 C:\xampp\htdocs\cdi\public\index.php(37): CodeIgniter\CodeIgniter->run()
#7 C:\xampp\htdocs\cdi\system\Commands\Server\rewrite.php(43): require_once('C:\\xampp\\htdocs...')
#8 {main}
CRITICAL - 2023-02-15 01:28:49 -->  route cannot be found while reverse-routing.
#0 C:\xampp\htdocs\cdi\system\HTTP\RedirectResponse.php(56): CodeIgniter\HTTP\Exceptions\HTTPException::forInvalidRedirectRoute('')
#1 C:\xampp\htdocs\cdi\system\Common.php(832): CodeIgniter\HTTP\RedirectResponse->route(false)
#2 C:\xampp\htdocs\cdi\app\Controllers\UsersController.php(210): redirect('myOffer/4')
#3 C:\xampp\htdocs\cdi\system\CodeIgniter.php(832): App\Controllers\UsersController->offerDemande('1')
#4 C:\xampp\htdocs\cdi\system\CodeIgniter.php(419): CodeIgniter\CodeIgniter->runController(Object(App\Controllers\UsersController))
#5 C:\xampp\htdocs\cdi\system\CodeIgniter.php(326): CodeIgniter\CodeIgniter->handleRequest(NULL, Object(Config\Cache), false)
#6 C:\xampp\htdocs\cdi\public\index.php(37): CodeIgniter\CodeIgniter->run()
#7 C:\xampp\htdocs\cdi\system\Commands\Server\rewrite.php(43): require_once('C:\\xampp\\htdocs...')
#8 {main}
CRITICAL - 2023-02-15 01:46:33 --> Undefined array key "title"
#0 C:\xampp\htdocs\cdi\app\Views\job-offer.php(82): CodeIgniter\Debug\Exceptions->errorHandler(2, 'Undefined array...', 'C:\\xampp\\htdocs...', 82)
#1 C:\xampp\htdocs\cdi\system\View\View.php(210): include('C:\\xampp\\htdocs...')
#2 C:\xampp\htdocs\cdi\system\View\View.php(213): CodeIgniter\View\View->CodeIgniter\View\{closure}()
#3 C:\xampp\htdocs\cdi\system\Common.php(1089): CodeIgniter\View\View->render('job-offer', Array, true)
#4 C:\xampp\htdocs\cdi\app\Controllers\UsersController.php(222): view('job-offer', Array)
#5 C:\xampp\htdocs\cdi\system\CodeIgniter.php(832): App\Controllers\UsersController->offerHistory()
#6 C:\xampp\htdocs\cdi\system\CodeIgniter.php(419): CodeIgniter\CodeIgniter->runController(Object(App\Controllers\UsersController))
#7 C:\xampp\htdocs\cdi\system\CodeIgniter.php(326): CodeIgniter\CodeIgniter->handleRequest(NULL, Object(Config\Cache), false)
#8 C:\xampp\htdocs\cdi\public\index.php(37): CodeIgniter\CodeIgniter->run()
#9 C:\xampp\htdocs\cdi\system\Commands\Server\rewrite.php(43): require_once('C:\\xampp\\htdocs...')
#10 {main}
CRITICAL - 2023-02-15 01:57:54 --> Undefined array key "idOffer"
#0 C:\xampp\htdocs\cdi\app\Controllers\UsersController.php(223): CodeIgniter\Debug\Exceptions->errorHandler(2, 'Undefined array...', 'C:\\xampp\\htdocs...', 223)
#1 C:\xampp\htdocs\cdi\system\CodeIgniter.php(832): App\Controllers\UsersController->offerHistory()
#2 C:\xampp\htdocs\cdi\system\CodeIgniter.php(419): CodeIgniter\CodeIgniter->runController(Object(App\Controllers\UsersController))
#3 C:\xampp\htdocs\cdi\system\CodeIgniter.php(326): CodeIgniter\CodeIgniter->handleRequest(NULL, Object(Config\Cache), false)
#4 C:\xampp\htdocs\cdi\public\index.php(37): CodeIgniter\CodeIgniter->run()
#5 C:\xampp\htdocs\cdi\system\Commands\Server\rewrite.php(43): require_once('C:\\xampp\\htdocs...')
#6 {main}
CRITICAL - 2023-02-15 01:58:13 --> Undefined array key "idOffer"
#0 C:\xampp\htdocs\cdi\app\Controllers\UsersController.php(223): CodeIgniter\Debug\Exceptions->errorHandler(2, 'Undefined array...', 'C:\\xampp\\htdocs...', 223)
#1 C:\xampp\htdocs\cdi\system\CodeIgniter.php(832): App\Controllers\UsersController->offerHistory()
#2 C:\xampp\htdocs\cdi\system\CodeIgniter.php(419): CodeIgniter\CodeIgniter->runController(Object(App\Controllers\UsersController))
#3 C:\xampp\htdocs\cdi\system\CodeIgniter.php(326): CodeIgniter\CodeIgniter->handleRequest(NULL, Object(Config\Cache), false)
#4 C:\xampp\htdocs\cdi\public\index.php(37): CodeIgniter\CodeIgniter->run()
#5 C:\xampp\htdocs\cdi\system\Commands\Server\rewrite.php(43): require_once('C:\\xampp\\htdocs...')
#6 {main}
CRITICAL - 2023-02-15 01:58:17 --> Undefined array key "idOffer"
#0 C:\xampp\htdocs\cdi\app\Controllers\UsersController.php(223): CodeIgniter\Debug\Exceptions->errorHandler(2, 'Undefined array...', 'C:\\xampp\\htdocs...', 223)
#1 C:\xampp\htdocs\cdi\system\CodeIgniter.php(832): App\Controllers\UsersController->offerHistory()
#2 C:\xampp\htdocs\cdi\system\CodeIgniter.php(419): CodeIgniter\CodeIgniter->runController(Object(App\Controllers\UsersController))
#3 C:\xampp\htdocs\cdi\system\CodeIgniter.php(326): CodeIgniter\CodeIgniter->handleRequest(NULL, Object(Config\Cache), false)
#4 C:\xampp\htdocs\cdi\public\index.php(37): CodeIgniter\CodeIgniter->run()
#5 C:\xampp\htdocs\cdi\system\Commands\Server\rewrite.php(43): require_once('C:\\xampp\\htdocs...')
#6 {main}
CRITICAL - 2023-02-15 01:59:20 --> Undefined array key "idOffer"
#0 C:\xampp\htdocs\cdi\app\Controllers\UsersController.php(223): CodeIgniter\Debug\Exceptions->errorHandler(2, 'Undefined array...', 'C:\\xampp\\htdocs...', 223)
#1 C:\xampp\htdocs\cdi\system\CodeIgniter.php(832): App\Controllers\UsersController->offerHistory()
#2 C:\xampp\htdocs\cdi\system\CodeIgniter.php(419): CodeIgniter\CodeIgniter->runController(Object(App\Controllers\UsersController))
#3 C:\xampp\htdocs\cdi\system\CodeIgniter.php(326): CodeIgniter\CodeIgniter->handleRequest(NULL, Object(Config\Cache), false)
#4 C:\xampp\htdocs\cdi\public\index.php(37): CodeIgniter\CodeIgniter->run()
#5 C:\xampp\htdocs\cdi\system\Commands\Server\rewrite.php(43): require_once('C:\\xampp\\htdocs...')
#6 {main}
CRITICAL - 2023-02-15 02:00:09 --> Call to a member function get() on array
#0 C:\xampp\htdocs\cdi\system\CodeIgniter.php(832): App\Controllers\UsersController->offerHistory()
#1 C:\xampp\htdocs\cdi\system\CodeIgniter.php(419): CodeIgniter\CodeIgniter->runController(Object(App\Controllers\UsersController))
#2 C:\xampp\htdocs\cdi\system\CodeIgniter.php(326): CodeIgniter\CodeIgniter->handleRequest(NULL, Object(Config\Cache), false)
#3 C:\xampp\htdocs\cdi\public\index.php(37): CodeIgniter\CodeIgniter->run()
#4 C:\xampp\htdocs\cdi\system\Commands\Server\rewrite.php(43): require_once('C:\\xampp\\htdocs...')
#5 {main}
