CRITICAL - 2023-01-25 01:56:38 --> required|alpha is not a valid rule.
#0 C:\xampp\htdocs\cdi\system\Validation\Validation.php(300): CodeIgniter\Validation\Exceptions\ValidationException::forRuleNotFound('required|alpha')
#1 C:\xampp\htdocs\cdi\system\Validation\Validation.php(157): CodeIgniter\Validation\Validation->processRules('0', '0', NULL, Array, Array)
#2 C:\xampp\htdocs\cdi\system\Controller.php(160): CodeIgniter\Validation\Validation->run()
#3 C:\xampp\htdocs\cdi\app\Controllers\AdminController.php(105): CodeIgniter\Controller->validate(Array)
#4 C:\xampp\htdocs\cdi\system\CodeIgniter.php(832): App\Controllers\AdminController->registUser()
#5 C:\xampp\htdocs\cdi\system\CodeIgniter.php(419): CodeIgniter\CodeIgniter->runController(Object(App\Controllers\AdminController))
#6 C:\xampp\htdocs\cdi\system\CodeIgniter.php(326): CodeIgniter\CodeIgniter->handleRequest(NULL, Object(Config\Cache), false)
#7 C:\xampp\htdocs\cdi\public\index.php(37): CodeIgniter\CodeIgniter->run()
#8 C:\xampp\htdocs\cdi\system\Commands\Server\rewrite.php(43): require_once('C:\\xampp\\htdocs...')
#9 {main}
CRITICAL - 2023-01-25 01:57:03 --> required|is_unique is not a valid rule.
#0 C:\xampp\htdocs\cdi\system\Validation\Validation.php(300): CodeIgniter\Validation\Exceptions\ValidationException::forRuleNotFound('required|is_uni...')
#1 C:\xampp\htdocs\cdi\system\Validation\Validation.php(157): CodeIgniter\Validation\Validation->processRules('0', '0', NULL, Array, Array)
#2 C:\xampp\htdocs\cdi\system\Controller.php(160): CodeIgniter\Validation\Validation->run()
#3 C:\xampp\htdocs\cdi\app\Controllers\AdminController.php(104): CodeIgniter\Controller->validate(Array)
#4 C:\xampp\htdocs\cdi\system\CodeIgniter.php(832): App\Controllers\AdminController->registUser()
#5 C:\xampp\htdocs\cdi\system\CodeIgniter.php(419): CodeIgniter\CodeIgniter->runController(Object(App\Controllers\AdminController))
#6 C:\xampp\htdocs\cdi\system\CodeIgniter.php(326): CodeIgniter\CodeIgniter->handleRequest(NULL, Object(Config\Cache), false)
#7 C:\xampp\htdocs\cdi\public\index.php(37): CodeIgniter\CodeIgniter->run()
#8 C:\xampp\htdocs\cdi\system\Commands\Server\rewrite.php(43): require_once('C:\\xampp\\htdocs...')
#9 {main}
CRITICAL - 2023-01-25 01:57:29 --> required|max_length is not a valid rule.
#0 C:\xampp\htdocs\cdi\system\Validation\Validation.php(300): CodeIgniter\Validation\Exceptions\ValidationException::forRuleNotFound('required|max_le...')
#1 C:\xampp\htdocs\cdi\system\Validation\Validation.php(157): CodeIgniter\Validation\Validation->processRules('0', '0', NULL, Array, Array)
#2 C:\xampp\htdocs\cdi\system\Controller.php(160): CodeIgniter\Validation\Validation->run()
#3 C:\xampp\htdocs\cdi\app\Controllers\AdminController.php(104): CodeIgniter\Controller->validate(Array)
#4 C:\xampp\htdocs\cdi\system\CodeIgniter.php(832): App\Controllers\AdminController->registUser()
#5 C:\xampp\htdocs\cdi\system\CodeIgniter.php(419): CodeIgniter\CodeIgniter->runController(Object(App\Controllers\AdminController))
#6 C:\xampp\htdocs\cdi\system\CodeIgniter.php(326): CodeIgniter\CodeIgniter->handleRequest(NULL, Object(Config\Cache), false)
#7 C:\xampp\htdocs\cdi\public\index.php(37): CodeIgniter\CodeIgniter->run()
#8 C:\xampp\htdocs\cdi\system\Commands\Server\rewrite.php(43): require_once('C:\\xampp\\htdocs...')
#9 {main}
CRITICAL - 2023-01-25 01:57:52 --> required|max_length is not a valid rule.
#0 C:\xampp\htdocs\cdi\system\Validation\Validation.php(300): CodeIgniter\Validation\Exceptions\ValidationException::forRuleNotFound('required|max_le...')
#1 C:\xampp\htdocs\cdi\system\Validation\Validation.php(157): CodeIgniter\Validation\Validation->processRules('0', '0', NULL, Array, Array)
#2 C:\xampp\htdocs\cdi\system\Controller.php(160): CodeIgniter\Validation\Validation->run()
#3 C:\xampp\htdocs\cdi\app\Controllers\AdminController.php(104): CodeIgniter\Controller->validate(Array)
#4 C:\xampp\htdocs\cdi\system\CodeIgniter.php(832): App\Controllers\AdminController->registUser()
#5 C:\xampp\htdocs\cdi\system\CodeIgniter.php(419): CodeIgniter\CodeIgniter->runController(Object(App\Controllers\AdminController))
#6 C:\xampp\htdocs\cdi\system\CodeIgniter.php(326): CodeIgniter\CodeIgniter->handleRequest(NULL, Object(Config\Cache), false)
#7 C:\xampp\htdocs\cdi\public\index.php(37): CodeIgniter\CodeIgniter->run()
#8 C:\xampp\htdocs\cdi\system\Commands\Server\rewrite.php(43): require_once('C:\\xampp\\htdocs...')
#9 {main}
CRITICAL - 2023-01-25 01:58:05 --> required|is_unique is not a valid rule.
#0 C:\xampp\htdocs\cdi\system\Validation\Validation.php(300): CodeIgniter\Validation\Exceptions\ValidationException::forRuleNotFound('required|is_uni...')
#1 C:\xampp\htdocs\cdi\system\Validation\Validation.php(157): CodeIgniter\Validation\Validation->processRules('0', '0', NULL, Array, Array)
#2 C:\xampp\htdocs\cdi\system\Controller.php(160): CodeIgniter\Validation\Validation->run()
#3 C:\xampp\htdocs\cdi\app\Controllers\AdminController.php(103): CodeIgniter\Controller->validate(Array)
#4 C:\xampp\htdocs\cdi\system\CodeIgniter.php(832): App\Controllers\AdminController->registUser()
#5 C:\xampp\htdocs\cdi\system\CodeIgniter.php(419): CodeIgniter\CodeIgniter->runController(Object(App\Controllers\AdminController))
#6 C:\xampp\htdocs\cdi\system\CodeIgniter.php(326): CodeIgniter\CodeIgniter->handleRequest(NULL, Object(Config\Cache), false)
#7 C:\xampp\htdocs\cdi\public\index.php(37): CodeIgniter\CodeIgniter->run()
#8 C:\xampp\htdocs\cdi\system\Commands\Server\rewrite.php(43): require_once('C:\\xampp\\htdocs...')
#9 {main}
CRITICAL - 2023-01-25 02:30:12 --> Invalid file: edit-user.php
#0 C:\xampp\htdocs\cdi\system\View\View.php(198): CodeIgniter\Exceptions\FrameworkException::forInvalidFile('edit-user.php')
#1 C:\xampp\htdocs\cdi\system\Common.php(1089): CodeIgniter\View\View->render('edit-user', Array, true)
#2 C:\xampp\htdocs\cdi\app\Controllers\AdminController.php(134): view('edit-user', Array)
#3 C:\xampp\htdocs\cdi\system\CodeIgniter.php(832): App\Controllers\AdminController->userEdit('1')
#4 C:\xampp\htdocs\cdi\system\CodeIgniter.php(419): CodeIgniter\CodeIgniter->runController(Object(App\Controllers\AdminController))
#5 C:\xampp\htdocs\cdi\system\CodeIgniter.php(326): CodeIgniter\CodeIgniter->handleRequest(NULL, Object(Config\Cache), false)
#6 C:\xampp\htdocs\cdi\public\index.php(37): CodeIgniter\CodeIgniter->run()
#7 C:\xampp\htdocs\cdi\system\Commands\Server\rewrite.php(43): require_once('C:\\xampp\\htdocs...')
#8 {main}
CRITICAL - 2023-01-25 06:06:38 --> Undefined variable $user
#0 C:\xampp\htdocs\cdi\app\Views\admin\edit-user.php(99): CodeIgniter\Debug\Exceptions->errorHandler(2, 'Undefined varia...', 'C:\\xampp\\htdocs...', 99)
#1 C:\xampp\htdocs\cdi\system\View\View.php(210): include('C:\\xampp\\htdocs...')
#2 C:\xampp\htdocs\cdi\system\View\View.php(213): CodeIgniter\View\View->CodeIgniter\View\{closure}()
#3 C:\xampp\htdocs\cdi\system\Common.php(1089): CodeIgniter\View\View->render('admin/edit-user', Array, true)
#4 C:\xampp\htdocs\cdi\app\Controllers\AdminController.php(170): view('admin/edit-user', Array)
#5 C:\xampp\htdocs\cdi\system\CodeIgniter.php(832): App\Controllers\AdminController->useEdt()
#6 C:\xampp\htdocs\cdi\system\CodeIgniter.php(419): CodeIgniter\CodeIgniter->runController(Object(App\Controllers\AdminController))
#7 C:\xampp\htdocs\cdi\system\CodeIgniter.php(326): CodeIgniter\CodeIgniter->handleRequest(NULL, Object(Config\Cache), false)
#8 C:\xampp\htdocs\cdi\public\index.php(37): CodeIgniter\CodeIgniter->run()
#9 C:\xampp\htdocs\cdi\system\Commands\Server\rewrite.php(43): require_once('C:\\xampp\\htdocs...')
#10 {main}
CRITICAL - 2023-01-25 06:08:11 --> Undefined variable $user
#0 C:\xampp\htdocs\cdi\app\Views\admin\edit-user.php(99): CodeIgniter\Debug\Exceptions->errorHandler(2, 'Undefined varia...', 'C:\\xampp\\htdocs...', 99)
#1 C:\xampp\htdocs\cdi\system\View\View.php(210): include('C:\\xampp\\htdocs...')
#2 C:\xampp\htdocs\cdi\system\View\View.php(213): CodeIgniter\View\View->CodeIgniter\View\{closure}()
#3 C:\xampp\htdocs\cdi\system\Common.php(1089): CodeIgniter\View\View->render('admin/edit-user', Array, true)
#4 C:\xampp\htdocs\cdi\app\Controllers\AdminController.php(170): view('admin/edit-user', Array)
#5 C:\xampp\htdocs\cdi\system\CodeIgniter.php(832): App\Controllers\AdminController->useEdt()
#6 C:\xampp\htdocs\cdi\system\CodeIgniter.php(419): CodeIgniter\CodeIgniter->runController(Object(App\Controllers\AdminController))
#7 C:\xampp\htdocs\cdi\system\CodeIgniter.php(326): CodeIgniter\CodeIgniter->handleRequest(NULL, Object(Config\Cache), false)
#8 C:\xampp\htdocs\cdi\public\index.php(37): CodeIgniter\CodeIgniter->run()
#9 C:\xampp\htdocs\cdi\system\Commands\Server\rewrite.php(43): require_once('C:\\xampp\\htdocs...')
#10 {main}
CRITICAL - 2023-01-25 06:10:22 --> Undefined variable $user
#0 C:\xampp\htdocs\cdi\app\Views\admin\edit-user.php(99): CodeIgniter\Debug\Exceptions->errorHandler(2, 'Undefined varia...', 'C:\\xampp\\htdocs...', 99)
#1 C:\xampp\htdocs\cdi\system\View\View.php(210): include('C:\\xampp\\htdocs...')
#2 C:\xampp\htdocs\cdi\system\View\View.php(213): CodeIgniter\View\View->CodeIgniter\View\{closure}()
#3 C:\xampp\htdocs\cdi\system\Common.php(1089): CodeIgniter\View\View->render('admin/edit-user', Array, true)
#4 C:\xampp\htdocs\cdi\app\Controllers\AdminController.php(170): view('admin/edit-user', Array)
#5 C:\xampp\htdocs\cdi\system\CodeIgniter.php(832): App\Controllers\AdminController->useEdt()
#6 C:\xampp\htdocs\cdi\system\CodeIgniter.php(419): CodeIgniter\CodeIgniter->runController(Object(App\Controllers\AdminController))
#7 C:\xampp\htdocs\cdi\system\CodeIgniter.php(326): CodeIgniter\CodeIgniter->handleRequest(NULL, Object(Config\Cache), false)
#8 C:\xampp\htdocs\cdi\public\index.php(37): CodeIgniter\CodeIgniter->run()
#9 C:\xampp\htdocs\cdi\system\Commands\Server\rewrite.php(43): require_once('C:\\xampp\\htdocs...')
#10 {main}
CRITICAL - 2023-01-25 06:11:03 --> Undefined variable $user
#0 C:\xampp\htdocs\cdi\app\Views\admin\edit-user.php(118): CodeIgniter\Debug\Exceptions->errorHandler(2, 'Undefined varia...', 'C:\\xampp\\htdocs...', 118)
#1 C:\xampp\htdocs\cdi\system\View\View.php(210): include('C:\\xampp\\htdocs...')
#2 C:\xampp\htdocs\cdi\system\View\View.php(213): CodeIgniter\View\View->CodeIgniter\View\{closure}()
#3 C:\xampp\htdocs\cdi\system\Common.php(1089): CodeIgniter\View\View->render('admin/edit-user', Array, true)
#4 C:\xampp\htdocs\cdi\app\Controllers\AdminController.php(170): view('admin/edit-user', Array)
#5 C:\xampp\htdocs\cdi\system\CodeIgniter.php(832): App\Controllers\AdminController->useEdt()
#6 C:\xampp\htdocs\cdi\system\CodeIgniter.php(419): CodeIgniter\CodeIgniter->runController(Object(App\Controllers\AdminController))
#7 C:\xampp\htdocs\cdi\system\CodeIgniter.php(326): CodeIgniter\CodeIgniter->handleRequest(NULL, Object(Config\Cache), false)
#8 C:\xampp\htdocs\cdi\public\index.php(37): CodeIgniter\CodeIgniter->run()
#9 C:\xampp\htdocs\cdi\system\Commands\Server\rewrite.php(43): require_once('C:\\xampp\\htdocs...')
#10 {main}
CRITICAL - 2023-01-25 06:22:08 --> Undefined array key "c315cc04ecbdbc749a09addc62016d54"
#0 C:\xampp\htdocs\cdi\app\Views\admin\edit-user.php(118): CodeIgniter\Debug\Exceptions->errorHandler(2, 'Undefined array...', 'C:\\xampp\\htdocs...', 118)
#1 C:\xampp\htdocs\cdi\system\View\View.php(210): include('C:\\xampp\\htdocs...')
#2 C:\xampp\htdocs\cdi\system\View\View.php(213): CodeIgniter\View\View->CodeIgniter\View\{closure}()
#3 C:\xampp\htdocs\cdi\system\Common.php(1089): CodeIgniter\View\View->render('admin/edit-user', Array, true)
#4 C:\xampp\htdocs\cdi\app\Controllers\AdminController.php(135): view('admin/edit-user', Array)
#5 C:\xampp\htdocs\cdi\system\CodeIgniter.php(832): App\Controllers\AdminController->userEdit('1')
#6 C:\xampp\htdocs\cdi\system\CodeIgniter.php(419): CodeIgniter\CodeIgniter->runController(Object(App\Controllers\AdminController))
#7 C:\xampp\htdocs\cdi\system\CodeIgniter.php(326): CodeIgniter\CodeIgniter->handleRequest(NULL, Object(Config\Cache), false)
#8 C:\xampp\htdocs\cdi\public\index.php(37): CodeIgniter\CodeIgniter->run()
#9 C:\xampp\htdocs\cdi\system\Commands\Server\rewrite.php(43): require_once('C:\\xampp\\htdocs...')
#10 {main}
CRITICAL - 2023-01-25 06:30:24 --> syntax error, unexpected token "else"
#0 C:\xampp\htdocs\cdi\system\Autoloader\Autoloader.php(241): CodeIgniter\Autoloader\Autoloader->includeFile('C:\\xampp\\htdocs...')
#1 C:\xampp\htdocs\cdi\system\Autoloader\Autoloader.php(219): CodeIgniter\Autoloader\Autoloader->loadInNamespace('App\\Controllers...')
#2 [internal function]: CodeIgniter\Autoloader\Autoloader->loadClass('App\\Controllers...')
#3 C:\xampp\htdocs\cdi\system\CodeIgniter.php(797): class_exists('\\App\\Controller...', true)
#4 C:\xampp\htdocs\cdi\system\CodeIgniter.php(406): CodeIgniter\CodeIgniter->startController()
#5 C:\xampp\htdocs\cdi\system\CodeIgniter.php(326): CodeIgniter\CodeIgniter->handleRequest(NULL, Object(Config\Cache), false)
#6 C:\xampp\htdocs\cdi\public\index.php(37): CodeIgniter\CodeIgniter->run()
#7 C:\xampp\htdocs\cdi\system\Commands\Server\rewrite.php(43): require_once('C:\\xampp\\htdocs...')
#8 {main}
CRITICAL - 2023-01-25 06:40:55 --> There is no data to update.
#0 C:\xampp\htdocs\cdi\system\BaseModel.php(1574): CodeIgniter\Database\Exceptions\DataException::forEmptyDataset('update')
#1 C:\xampp\htdocs\cdi\system\BaseModel.php(832): CodeIgniter\BaseModel->transformDataToArray(NULL, 'update')
#2 C:\xampp\htdocs\cdi\system\Model.php(651): CodeIgniter\BaseModel->update(Array, NULL)
#3 C:\xampp\htdocs\cdi\app\Controllers\AdminController.php(156): CodeIgniter\Model->update(Array)
#4 C:\xampp\htdocs\cdi\system\CodeIgniter.php(832): App\Controllers\AdminController->useEdt()
#5 C:\xampp\htdocs\cdi\system\CodeIgniter.php(419): CodeIgniter\CodeIgniter->runController(Object(App\Controllers\AdminController))
#6 C:\xampp\htdocs\cdi\system\CodeIgniter.php(326): CodeIgniter\CodeIgniter->handleRequest(NULL, Object(Config\Cache), false)
#7 C:\xampp\htdocs\cdi\public\index.php(37): CodeIgniter\CodeIgniter->run()
#8 C:\xampp\htdocs\cdi\system\Commands\Server\rewrite.php(43): require_once('C:\\xampp\\htdocs...')
#9 {main}
CRITICAL - 2023-01-25 06:41:31 --> There is no data to update.
#0 C:\xampp\htdocs\cdi\system\BaseModel.php(1574): CodeIgniter\Database\Exceptions\DataException::forEmptyDataset('update')
#1 C:\xampp\htdocs\cdi\system\BaseModel.php(832): CodeIgniter\BaseModel->transformDataToArray(NULL, 'update')
#2 C:\xampp\htdocs\cdi\system\Model.php(651): CodeIgniter\BaseModel->update(Array, NULL)
#3 C:\xampp\htdocs\cdi\app\Controllers\AdminController.php(156): CodeIgniter\Model->update(Array)
#4 C:\xampp\htdocs\cdi\system\CodeIgniter.php(832): App\Controllers\AdminController->useEdt()
#5 C:\xampp\htdocs\cdi\system\CodeIgniter.php(419): CodeIgniter\CodeIgniter->runController(Object(App\Controllers\AdminController))
#6 C:\xampp\htdocs\cdi\system\CodeIgniter.php(326): CodeIgniter\CodeIgniter->handleRequest(NULL, Object(Config\Cache), false)
#7 C:\xampp\htdocs\cdi\public\index.php(37): CodeIgniter\CodeIgniter->run()
#8 C:\xampp\htdocs\cdi\system\Commands\Server\rewrite.php(43): require_once('C:\\xampp\\htdocs...')
#9 {main}
CRITICAL - 2023-01-25 08:42:38 --> Array to string conversion
#0 C:\xampp\htdocs\cdi\app\Views\admin\manage-rh.php(84): CodeIgniter\Debug\Exceptions->errorHandler(2, 'Array to string...', 'C:\\xampp\\htdocs...', 84)
#1 C:\xampp\htdocs\cdi\system\View\View.php(210): include('C:\\xampp\\htdocs...')
#2 C:\xampp\htdocs\cdi\system\View\View.php(213): CodeIgniter\View\View->CodeIgniter\View\{closure}()
#3 C:\xampp\htdocs\cdi\system\Common.php(1089): CodeIgniter\View\View->render('admin/manage-rh', Array, true)
#4 C:\xampp\htdocs\cdi\app\Controllers\AdminController.php(176): view('admin/manage-rh', Array)
#5 C:\xampp\htdocs\cdi\system\CodeIgniter.php(832): App\Controllers\AdminController->rhList()
#6 C:\xampp\htdocs\cdi\system\CodeIgniter.php(419): CodeIgniter\CodeIgniter->runController(Object(App\Controllers\AdminController))
#7 C:\xampp\htdocs\cdi\system\CodeIgniter.php(326): CodeIgniter\CodeIgniter->handleRequest(NULL, Object(Config\Cache), false)
#8 C:\xampp\htdocs\cdi\public\index.php(37): CodeIgniter\CodeIgniter->run()
#9 C:\xampp\htdocs\cdi\system\Commands\Server\rewrite.php(43): require_once('C:\\xampp\\htdocs...')
#10 {main}
ERROR - 2023-01-25 10:00:15 --> Table 'cdi.contact' doesn't exist
CRITICAL - 2023-01-25 10:00:15 --> Table 'cdi.contact' doesn't exist
#0 C:\xampp\htdocs\cdi\system\Database\MySQLi\Connection.php(292): mysqli->query('SELECT *\nFROM `...', 0)
#1 C:\xampp\htdocs\cdi\system\Database\BaseConnection.php(670): CodeIgniter\Database\MySQLi\Connection->execute('SELECT *\nFROM `...')
#2 C:\xampp\htdocs\cdi\system\Database\BaseConnection.php(598): CodeIgniter\Database\BaseConnection->simpleQuery('SELECT *\nFROM `...')
#3 C:\xampp\htdocs\cdi\system\Database\BaseBuilder.php(1455): CodeIgniter\Database\BaseConnection->query('SELECT *\nFROM `...', Array, false)
#4 C:\xampp\htdocs\cdi\system\Model.php(183): CodeIgniter\Database\BaseBuilder->get()
#5 C:\xampp\htdocs\cdi\system\BaseModel.php(584): CodeIgniter\Model->doFindAll(0, 0)
#6 C:\xampp\htdocs\cdi\app\Controllers\AdminController.php(278): CodeIgniter\BaseModel->findAll()
#7 C:\xampp\htdocs\cdi\system\CodeIgniter.php(832): App\Controllers\AdminController->contactUsList()
#8 C:\xampp\htdocs\cdi\system\CodeIgniter.php(419): CodeIgniter\CodeIgniter->runController(Object(App\Controllers\AdminController))
#9 C:\xampp\htdocs\cdi\system\CodeIgniter.php(326): CodeIgniter\CodeIgniter->handleRequest(NULL, Object(Config\Cache), false)
#10 C:\xampp\htdocs\cdi\public\index.php(37): CodeIgniter\CodeIgniter->run()
#11 C:\xampp\htdocs\cdi\system\Commands\Server\rewrite.php(43): require_once('C:\\xampp\\htdocs...')
#12 {main}
ERROR - 2023-01-25 10:01:51 --> Table 'cdi.contact' doesn't exist
CRITICAL - 2023-01-25 10:01:51 --> Table 'cdi.contact' doesn't exist
#0 C:\xampp\htdocs\cdi\system\Database\MySQLi\Connection.php(292): mysqli->query('SELECT *\nFROM `...', 0)
#1 C:\xampp\htdocs\cdi\system\Database\BaseConnection.php(670): CodeIgniter\Database\MySQLi\Connection->execute('SELECT *\nFROM `...')
#2 C:\xampp\htdocs\cdi\system\Database\BaseConnection.php(598): CodeIgniter\Database\BaseConnection->simpleQuery('SELECT *\nFROM `...')
#3 C:\xampp\htdocs\cdi\system\Database\BaseBuilder.php(1455): CodeIgniter\Database\BaseConnection->query('SELECT *\nFROM `...', Array, false)
#4 C:\xampp\htdocs\cdi\system\Model.php(183): CodeIgniter\Database\BaseBuilder->get()
#5 C:\xampp\htdocs\cdi\system\BaseModel.php(584): CodeIgniter\Model->doFindAll(0, 0)
#6 C:\xampp\htdocs\cdi\app\Controllers\AdminController.php(278): CodeIgniter\BaseModel->findAll()
#7 C:\xampp\htdocs\cdi\system\CodeIgniter.php(832): App\Controllers\AdminController->contactUsList()
#8 C:\xampp\htdocs\cdi\system\CodeIgniter.php(419): CodeIgniter\CodeIgniter->runController(Object(App\Controllers\AdminController))
#9 C:\xampp\htdocs\cdi\system\CodeIgniter.php(326): CodeIgniter\CodeIgniter->handleRequest(NULL, Object(Config\Cache), false)
#10 C:\xampp\htdocs\cdi\public\index.php(37): CodeIgniter\CodeIgniter->run()
#11 C:\xampp\htdocs\cdi\system\Commands\Server\rewrite.php(43): require_once('C:\\xampp\\htdocs...')
#12 {main}
ERROR - 2023-01-25 10:02:59 --> Table 'cdi.contact' doesn't exist
CRITICAL - 2023-01-25 10:02:59 --> Table 'cdi.contact' doesn't exist
#0 C:\xampp\htdocs\cdi\system\Database\MySQLi\Connection.php(292): mysqli->query('SELECT *\nFROM `...', 0)
#1 C:\xampp\htdocs\cdi\system\Database\BaseConnection.php(670): CodeIgniter\Database\MySQLi\Connection->execute('SELECT *\nFROM `...')
#2 C:\xampp\htdocs\cdi\system\Database\BaseConnection.php(598): CodeIgniter\Database\BaseConnection->simpleQuery('SELECT *\nFROM `...')
#3 C:\xampp\htdocs\cdi\system\Database\BaseBuilder.php(1455): CodeIgniter\Database\BaseConnection->query('SELECT *\nFROM `...', Array, false)
#4 C:\xampp\htdocs\cdi\system\Model.php(183): CodeIgniter\Database\BaseBuilder->get()
#5 C:\xampp\htdocs\cdi\system\BaseModel.php(584): CodeIgniter\Model->doFindAll(0, 0)
#6 C:\xampp\htdocs\cdi\app\Controllers\AdminController.php(278): CodeIgniter\BaseModel->findAll()
#7 C:\xampp\htdocs\cdi\system\CodeIgniter.php(832): App\Controllers\AdminController->contactUsList()
#8 C:\xampp\htdocs\cdi\system\CodeIgniter.php(419): CodeIgniter\CodeIgniter->runController(Object(App\Controllers\AdminController))
#9 C:\xampp\htdocs\cdi\system\CodeIgniter.php(326): CodeIgniter\CodeIgniter->handleRequest(NULL, Object(Config\Cache), false)
#10 C:\xampp\htdocs\cdi\public\index.php(37): CodeIgniter\CodeIgniter->run()
#11 C:\xampp\htdocs\cdi\system\Commands\Server\rewrite.php(43): require_once('C:\\xampp\\htdocs...')
#12 {main}
ERROR - 2023-01-25 10:03:09 --> Table 'cdi.contact' doesn't exist
CRITICAL - 2023-01-25 10:03:09 --> Table 'cdi.contact' doesn't exist
#0 C:\xampp\htdocs\cdi\system\Database\MySQLi\Connection.php(292): mysqli->query('SELECT *\nFROM `...', 0)
#1 C:\xampp\htdocs\cdi\system\Database\BaseConnection.php(670): CodeIgniter\Database\MySQLi\Connection->execute('SELECT *\nFROM `...')
#2 C:\xampp\htdocs\cdi\system\Database\BaseConnection.php(598): CodeIgniter\Database\BaseConnection->simpleQuery('SELECT *\nFROM `...')
#3 C:\xampp\htdocs\cdi\system\Database\BaseBuilder.php(1455): CodeIgniter\Database\BaseConnection->query('SELECT *\nFROM `...', Array, false)
#4 C:\xampp\htdocs\cdi\system\Model.php(183): CodeIgniter\Database\BaseBuilder->get()
#5 C:\xampp\htdocs\cdi\system\BaseModel.php(584): CodeIgniter\Model->doFindAll(0, 0)
#6 C:\xampp\htdocs\cdi\app\Controllers\AdminController.php(278): CodeIgniter\BaseModel->findAll()
#7 C:\xampp\htdocs\cdi\system\CodeIgniter.php(832): App\Controllers\AdminController->contactUsList()
#8 C:\xampp\htdocs\cdi\system\CodeIgniter.php(419): CodeIgniter\CodeIgniter->runController(Object(App\Controllers\AdminController))
#9 C:\xampp\htdocs\cdi\system\CodeIgniter.php(326): CodeIgniter\CodeIgniter->handleRequest(NULL, Object(Config\Cache), false)
#10 C:\xampp\htdocs\cdi\public\index.php(37): CodeIgniter\CodeIgniter->run()
#11 C:\xampp\htdocs\cdi\system\Commands\Server\rewrite.php(43): require_once('C:\\xampp\\htdocs...')
#12 {main}
CRITICAL - 2023-01-25 10:03:53 --> Undefined array key "pageTitle"
#0 C:\xampp\htdocs\cdi\app\Views\admin\contactus.php(65): CodeIgniter\Debug\Exceptions->errorHandler(2, 'Undefined array...', 'C:\\xampp\\htdocs...', 65)
#1 C:\xampp\htdocs\cdi\system\View\View.php(210): include('C:\\xampp\\htdocs...')
#2 C:\xampp\htdocs\cdi\system\View\View.php(213): CodeIgniter\View\View->CodeIgniter\View\{closure}()
#3 C:\xampp\htdocs\cdi\system\Common.php(1089): CodeIgniter\View\View->render('admin/contactus', Array, true)
#4 C:\xampp\htdocs\cdi\app\Controllers\AdminController.php(279): view('admin/contactus', Array)
#5 C:\xampp\htdocs\cdi\system\CodeIgniter.php(832): App\Controllers\AdminController->contactUsList()
#6 C:\xampp\htdocs\cdi\system\CodeIgniter.php(419): CodeIgniter\CodeIgniter->runController(Object(App\Controllers\AdminController))
#7 C:\xampp\htdocs\cdi\system\CodeIgniter.php(326): CodeIgniter\CodeIgniter->handleRequest(NULL, Object(Config\Cache), false)
#8 C:\xampp\htdocs\cdi\public\index.php(37): CodeIgniter\CodeIgniter->run()
#9 C:\xampp\htdocs\cdi\system\Commands\Server\rewrite.php(43): require_once('C:\\xampp\\htdocs...')
#10 {main}
CRITICAL - 2023-01-25 10:21:11 --> Undefined variable $contView
#0 C:\xampp\htdocs\cdi\app\Views\index.php(216): CodeIgniter\Debug\Exceptions->errorHandler(2, 'Undefined varia...', 'C:\\xampp\\htdocs...', 216)
#1 C:\xampp\htdocs\cdi\system\View\View.php(210): include('C:\\xampp\\htdocs...')
#2 C:\xampp\htdocs\cdi\system\View\View.php(213): CodeIgniter\View\View->CodeIgniter\View\{closure}()
#3 C:\xampp\htdocs\cdi\system\Common.php(1089): CodeIgniter\View\View->render('index', Array, true)
#4 C:\xampp\htdocs\cdi\app\Controllers\Home.php(13): view('index')
#5 C:\xampp\htdocs\cdi\system\CodeIgniter.php(832): App\Controllers\Home->index()
#6 C:\xampp\htdocs\cdi\system\CodeIgniter.php(419): CodeIgniter\CodeIgniter->runController(Object(App\Controllers\Home))
#7 C:\xampp\htdocs\cdi\system\CodeIgniter.php(326): CodeIgniter\CodeIgniter->handleRequest(NULL, Object(Config\Cache), false)
#8 C:\xampp\htdocs\cdi\public\index.php(37): CodeIgniter\CodeIgniter->run()
#9 C:\xampp\htdocs\cdi\system\Commands\Server\rewrite.php(43): require_once('C:\\xampp\\htdocs...')
#10 {main}
CRITICAL - 2023-01-25 10:21:49 --> Undefined variable $contView
#0 C:\xampp\htdocs\cdi\app\Views\index.php(216): CodeIgniter\Debug\Exceptions->errorHandler(2, 'Undefined varia...', 'C:\\xampp\\htdocs...', 216)
#1 C:\xampp\htdocs\cdi\system\View\View.php(210): include('C:\\xampp\\htdocs...')
#2 C:\xampp\htdocs\cdi\system\View\View.php(213): CodeIgniter\View\View->CodeIgniter\View\{closure}()
#3 C:\xampp\htdocs\cdi\system\Common.php(1089): CodeIgniter\View\View->render('index', Array, true)
#4 C:\xampp\htdocs\cdi\app\Controllers\Home.php(13): view('index')
#5 C:\xampp\htdocs\cdi\system\CodeIgniter.php(832): App\Controllers\Home->index()
#6 C:\xampp\htdocs\cdi\system\CodeIgniter.php(419): CodeIgniter\CodeIgniter->runController(Object(App\Controllers\Home))
#7 C:\xampp\htdocs\cdi\system\CodeIgniter.php(326): CodeIgniter\CodeIgniter->handleRequest(NULL, Object(Config\Cache), false)
#8 C:\xampp\htdocs\cdi\public\index.php(37): CodeIgniter\CodeIgniter->run()
#9 C:\xampp\htdocs\cdi\system\Commands\Server\rewrite.php(43): require_once('C:\\xampp\\htdocs...')
#10 {main}
CRITICAL - 2023-01-25 10:22:54 --> Object of class App\Models\Page could not be converted to string
#0 C:\xampp\htdocs\cdi\system\View\View.php(210): include()
#1 C:\xampp\htdocs\cdi\system\View\View.php(213): CodeIgniter\View\View->CodeIgniter\View\{closure}()
#2 C:\xampp\htdocs\cdi\system\Common.php(1089): CodeIgniter\View\View->render('index', Array, true)
#3 C:\xampp\htdocs\cdi\app\Controllers\Home.php(16): view('index', Array)
#4 C:\xampp\htdocs\cdi\system\CodeIgniter.php(832): App\Controllers\Home->index()
#5 C:\xampp\htdocs\cdi\system\CodeIgniter.php(419): CodeIgniter\CodeIgniter->runController(Object(App\Controllers\Home))
#6 C:\xampp\htdocs\cdi\system\CodeIgniter.php(326): CodeIgniter\CodeIgniter->handleRequest(NULL, Object(Config\Cache), false)
#7 C:\xampp\htdocs\cdi\public\index.php(37): CodeIgniter\CodeIgniter->run()
#8 C:\xampp\htdocs\cdi\system\Commands\Server\rewrite.php(43): require_once('C:\\xampp\\htdocs...')
#9 {main}
CRITICAL - 2023-01-25 10:23:50 --> Object of class App\Models\Page could not be converted to string
#0 C:\xampp\htdocs\cdi\system\View\View.php(210): include()
#1 C:\xampp\htdocs\cdi\system\View\View.php(213): CodeIgniter\View\View->CodeIgniter\View\{closure}()
#2 C:\xampp\htdocs\cdi\system\Common.php(1089): CodeIgniter\View\View->render('index', Array, true)
#3 C:\xampp\htdocs\cdi\app\Controllers\Home.php(16): view('index', Array)
#4 C:\xampp\htdocs\cdi\system\CodeIgniter.php(832): App\Controllers\Home->index()
#5 C:\xampp\htdocs\cdi\system\CodeIgniter.php(419): CodeIgniter\CodeIgniter->runController(Object(App\Controllers\Home))
#6 C:\xampp\htdocs\cdi\system\CodeIgniter.php(326): CodeIgniter\CodeIgniter->handleRequest(NULL, Object(Config\Cache), false)
#7 C:\xampp\htdocs\cdi\public\index.php(37): CodeIgniter\CodeIgniter->run()
#8 C:\xampp\htdocs\cdi\system\Commands\Server\rewrite.php(43): require_once('C:\\xampp\\htdocs...')
#9 {main}
CRITICAL - 2023-01-25 10:24:18 --> Cannot use object of type App\Models\Page as array
#0 C:\xampp\htdocs\cdi\system\View\View.php(210): include()
#1 C:\xampp\htdocs\cdi\system\View\View.php(213): CodeIgniter\View\View->CodeIgniter\View\{closure}()
#2 C:\xampp\htdocs\cdi\system\Common.php(1089): CodeIgniter\View\View->render('index', Array, true)
#3 C:\xampp\htdocs\cdi\app\Controllers\Home.php(16): view('index', Array)
#4 C:\xampp\htdocs\cdi\system\CodeIgniter.php(832): App\Controllers\Home->index()
#5 C:\xampp\htdocs\cdi\system\CodeIgniter.php(419): CodeIgniter\CodeIgniter->runController(Object(App\Controllers\Home))
#6 C:\xampp\htdocs\cdi\system\CodeIgniter.php(326): CodeIgniter\CodeIgniter->handleRequest(NULL, Object(Config\Cache), false)
#7 C:\xampp\htdocs\cdi\public\index.php(37): CodeIgniter\CodeIgniter->run()
#8 C:\xampp\htdocs\cdi\system\Commands\Server\rewrite.php(43): require_once('C:\\xampp\\htdocs...')
#9 {main}
CRITICAL - 2023-01-25 10:26:41 --> Trying to access array offset on value of type null
#0 C:\xampp\htdocs\cdi\app\Views\index.php(218): CodeIgniter\Debug\Exceptions->errorHandler(2, 'Trying to acces...', 'C:\\xampp\\htdocs...', 218)
#1 C:\xampp\htdocs\cdi\system\View\View.php(210): include('C:\\xampp\\htdocs...')
#2 C:\xampp\htdocs\cdi\system\View\View.php(213): CodeIgniter\View\View->CodeIgniter\View\{closure}()
#3 C:\xampp\htdocs\cdi\system\Common.php(1089): CodeIgniter\View\View->render('index', Array, true)
#4 C:\xampp\htdocs\cdi\app\Controllers\Home.php(16): view('index', Array)
#5 C:\xampp\htdocs\cdi\system\CodeIgniter.php(832): App\Controllers\Home->index()
#6 C:\xampp\htdocs\cdi\system\CodeIgniter.php(419): CodeIgniter\CodeIgniter->runController(Object(App\Controllers\Home))
#7 C:\xampp\htdocs\cdi\system\CodeIgniter.php(326): CodeIgniter\CodeIgniter->handleRequest(NULL, Object(Config\Cache), false)
#8 C:\xampp\htdocs\cdi\public\index.php(37): CodeIgniter\CodeIgniter->run()
#9 C:\xampp\htdocs\cdi\system\Commands\Server\rewrite.php(43): require_once('C:\\xampp\\htdocs...')
#10 {main}
CRITICAL - 2023-01-25 10:27:50 --> Trying to access array offset on value of type null
#0 C:\xampp\htdocs\cdi\app\Views\index.php(218): CodeIgniter\Debug\Exceptions->errorHandler(2, 'Trying to acces...', 'C:\\xampp\\htdocs...', 218)
#1 C:\xampp\htdocs\cdi\system\View\View.php(210): include('C:\\xampp\\htdocs...')
#2 C:\xampp\htdocs\cdi\system\View\View.php(213): CodeIgniter\View\View->CodeIgniter\View\{closure}()
#3 C:\xampp\htdocs\cdi\system\Common.php(1089): CodeIgniter\View\View->render('index', Array, true)
#4 C:\xampp\htdocs\cdi\app\Controllers\Home.php(16): view('index', Array)
#5 C:\xampp\htdocs\cdi\system\CodeIgniter.php(832): App\Controllers\Home->index()
#6 C:\xampp\htdocs\cdi\system\CodeIgniter.php(419): CodeIgniter\CodeIgniter->runController(Object(App\Controllers\Home))
#7 C:\xampp\htdocs\cdi\system\CodeIgniter.php(326): CodeIgniter\CodeIgniter->handleRequest(NULL, Object(Config\Cache), false)
#8 C:\xampp\htdocs\cdi\public\index.php(37): CodeIgniter\CodeIgniter->run()
#9 C:\xampp\htdocs\cdi\system\Commands\Server\rewrite.php(43): require_once('C:\\xampp\\htdocs...')
#10 {main}
CRITICAL - 2023-01-25 10:29:33 --> Undefined variable $val
#0 C:\xampp\htdocs\cdi\app\Views\index.php(219): CodeIgniter\Debug\Exceptions->errorHandler(2, 'Undefined varia...', 'C:\\xampp\\htdocs...', 219)
#1 C:\xampp\htdocs\cdi\system\View\View.php(210): include('C:\\xampp\\htdocs...')
#2 C:\xampp\htdocs\cdi\system\View\View.php(213): CodeIgniter\View\View->CodeIgniter\View\{closure}()
#3 C:\xampp\htdocs\cdi\system\Common.php(1089): CodeIgniter\View\View->render('index', Array, true)
#4 C:\xampp\htdocs\cdi\app\Controllers\Home.php(16): view('index', Array)
#5 C:\xampp\htdocs\cdi\system\CodeIgniter.php(832): App\Controllers\Home->index()
#6 C:\xampp\htdocs\cdi\system\CodeIgniter.php(419): CodeIgniter\CodeIgniter->runController(Object(App\Controllers\Home))
#7 C:\xampp\htdocs\cdi\system\CodeIgniter.php(326): CodeIgniter\CodeIgniter->handleRequest(NULL, Object(Config\Cache), false)
#8 C:\xampp\htdocs\cdi\public\index.php(37): CodeIgniter\CodeIgniter->run()
#9 C:\xampp\htdocs\cdi\system\Commands\Server\rewrite.php(43): require_once('C:\\xampp\\htdocs...')
#10 {main}
CRITICAL - 2023-01-25 10:29:44 --> Trying to access array offset on value of type null
#0 C:\xampp\htdocs\cdi\app\Views\index.php(219): CodeIgniter\Debug\Exceptions->errorHandler(2, 'Trying to acces...', 'C:\\xampp\\htdocs...', 219)
#1 C:\xampp\htdocs\cdi\system\View\View.php(210): include('C:\\xampp\\htdocs...')
#2 C:\xampp\htdocs\cdi\system\View\View.php(213): CodeIgniter\View\View->CodeIgniter\View\{closure}()
#3 C:\xampp\htdocs\cdi\system\Common.php(1089): CodeIgniter\View\View->render('index', Array, true)
#4 C:\xampp\htdocs\cdi\app\Controllers\Home.php(16): view('index', Array)
#5 C:\xampp\htdocs\cdi\system\CodeIgniter.php(832): App\Controllers\Home->index()
#6 C:\xampp\htdocs\cdi\system\CodeIgniter.php(419): CodeIgniter\CodeIgniter->runController(Object(App\Controllers\Home))
#7 C:\xampp\htdocs\cdi\system\CodeIgniter.php(326): CodeIgniter\CodeIgniter->handleRequest(NULL, Object(Config\Cache), false)
#8 C:\xampp\htdocs\cdi\public\index.php(37): CodeIgniter\CodeIgniter->run()
#9 C:\xampp\htdocs\cdi\system\Commands\Server\rewrite.php(43): require_once('C:\\xampp\\htdocs...')
#10 {main}
ERROR - 2023-01-25 10:38:16 --> Not unique table/alias: 'page'
CRITICAL - 2023-01-25 10:38:16 --> Not unique table/alias: 'page'
#0 C:\xampp\htdocs\cdi\system\Database\MySQLi\Connection.php(292): mysqli->query('SELECT *\nFROM `...', 0)
#1 C:\xampp\htdocs\cdi\system\Database\BaseConnection.php(670): CodeIgniter\Database\MySQLi\Connection->execute('SELECT *\nFROM `...')
#2 C:\xampp\htdocs\cdi\system\Database\BaseConnection.php(598): CodeIgniter\Database\BaseConnection->simpleQuery('SELECT *\nFROM `...')
#3 C:\xampp\htdocs\cdi\system\Database\BaseBuilder.php(1455): CodeIgniter\Database\BaseConnection->query('SELECT *\nFROM `...', Array, false)
#4 C:\xampp\htdocs\cdi\system\Model.php(728): CodeIgniter\Database\BaseBuilder->get()
#5 C:\xampp\htdocs\cdi\app\Controllers\Home.php(15): CodeIgniter\Model->__call('get', Array)
#6 C:\xampp\htdocs\cdi\system\CodeIgniter.php(832): App\Controllers\Home->index()
#7 C:\xampp\htdocs\cdi\system\CodeIgniter.php(419): CodeIgniter\CodeIgniter->runController(Object(App\Controllers\Home))
#8 C:\xampp\htdocs\cdi\system\CodeIgniter.php(326): CodeIgniter\CodeIgniter->handleRequest(NULL, Object(Config\Cache), false)
#9 C:\xampp\htdocs\cdi\public\index.php(37): CodeIgniter\CodeIgniter->run()
#10 C:\xampp\htdocs\cdi\system\Commands\Server\rewrite.php(43): require_once('C:\\xampp\\htdocs...')
#11 {main}
ERROR - 2023-01-25 10:44:09 --> Table 'cdi.page' doesn't exist
CRITICAL - 2023-01-25 10:44:09 --> Table 'cdi.page' doesn't exist
#0 C:\xampp\htdocs\cdi\system\Database\MySQLi\Connection.php(292): mysqli->query('SELECT *\nFROM `...', 0)
#1 C:\xampp\htdocs\cdi\system\Database\BaseConnection.php(670): CodeIgniter\Database\MySQLi\Connection->execute('SELECT *\nFROM `...')
#2 C:\xampp\htdocs\cdi\system\Database\BaseConnection.php(598): CodeIgniter\Database\BaseConnection->simpleQuery('SELECT *\nFROM `...')
#3 C:\xampp\htdocs\cdi\system\Database\BaseBuilder.php(1455): CodeIgniter\Database\BaseConnection->query('SELECT *\nFROM `...', Array, false)
#4 C:\xampp\htdocs\cdi\system\Model.php(728): CodeIgniter\Database\BaseBuilder->get()
#5 C:\xampp\htdocs\cdi\app\Controllers\Home.php(15): CodeIgniter\Model->__call('get', Array)
#6 C:\xampp\htdocs\cdi\system\CodeIgniter.php(832): App\Controllers\Home->index()
#7 C:\xampp\htdocs\cdi\system\CodeIgniter.php(419): CodeIgniter\CodeIgniter->runController(Object(App\Controllers\Home))
#8 C:\xampp\htdocs\cdi\system\CodeIgniter.php(326): CodeIgniter\CodeIgniter->handleRequest(NULL, Object(Config\Cache), false)
#9 C:\xampp\htdocs\cdi\public\index.php(37): CodeIgniter\CodeIgniter->run()
#10 C:\xampp\htdocs\cdi\system\Commands\Server\rewrite.php(43): require_once('C:\\xampp\\htdocs...')
#11 {main}
ERROR - 2023-01-25 10:44:29 --> Not unique table/alias: 'pageWeb'
CRITICAL - 2023-01-25 10:44:29 --> Not unique table/alias: 'pageWeb'
#0 C:\xampp\htdocs\cdi\system\Database\MySQLi\Connection.php(292): mysqli->query('SELECT *\nFROM `...', 0)
#1 C:\xampp\htdocs\cdi\system\Database\BaseConnection.php(670): CodeIgniter\Database\MySQLi\Connection->execute('SELECT *\nFROM `...')
#2 C:\xampp\htdocs\cdi\system\Database\BaseConnection.php(598): CodeIgniter\Database\BaseConnection->simpleQuery('SELECT *\nFROM `...')
#3 C:\xampp\htdocs\cdi\system\Database\BaseBuilder.php(1455): CodeIgniter\Database\BaseConnection->query('SELECT *\nFROM `...', Array, false)
#4 C:\xampp\htdocs\cdi\system\Model.php(728): CodeIgniter\Database\BaseBuilder->get()
#5 C:\xampp\htdocs\cdi\app\Controllers\Home.php(15): CodeIgniter\Model->__call('get', Array)
#6 C:\xampp\htdocs\cdi\system\CodeIgniter.php(832): App\Controllers\Home->index()
#7 C:\xampp\htdocs\cdi\system\CodeIgniter.php(419): CodeIgniter\CodeIgniter->runController(Object(App\Controllers\Home))
#8 C:\xampp\htdocs\cdi\system\CodeIgniter.php(326): CodeIgniter\CodeIgniter->handleRequest(NULL, Object(Config\Cache), false)
#9 C:\xampp\htdocs\cdi\public\index.php(37): CodeIgniter\CodeIgniter->run()
#10 C:\xampp\htdocs\cdi\system\Commands\Server\rewrite.php(43): require_once('C:\\xampp\\htdocs...')
#11 {main}
CRITICAL - 2023-01-25 10:44:41 --> Cannot use object of type mysqli as array
#0 C:\xampp\htdocs\cdi\system\View\View.php(210): include()
#1 C:\xampp\htdocs\cdi\system\View\View.php(213): CodeIgniter\View\View->CodeIgniter\View\{closure}()
#2 C:\xampp\htdocs\cdi\system\Common.php(1089): CodeIgniter\View\View->render('index', Array, true)
#3 C:\xampp\htdocs\cdi\app\Controllers\Home.php(17): view('index', Array)
#4 C:\xampp\htdocs\cdi\system\CodeIgniter.php(832): App\Controllers\Home->index()
#5 C:\xampp\htdocs\cdi\system\CodeIgniter.php(419): CodeIgniter\CodeIgniter->runController(Object(App\Controllers\Home))
#6 C:\xampp\htdocs\cdi\system\CodeIgniter.php(326): CodeIgniter\CodeIgniter->handleRequest(NULL, Object(Config\Cache), false)
#7 C:\xampp\htdocs\cdi\public\index.php(37): CodeIgniter\CodeIgniter->run()
#8 C:\xampp\htdocs\cdi\system\Commands\Server\rewrite.php(43): require_once('C:\\xampp\\htdocs...')
#9 {main}
CRITICAL - 2023-01-25 10:46:07 --> Undefined variable $contView
#0 C:\xampp\htdocs\cdi\app\Views\index.php(227): CodeIgniter\Debug\Exceptions->errorHandler(2, 'Undefined varia...', 'C:\\xampp\\htdocs...', 227)
#1 C:\xampp\htdocs\cdi\system\View\View.php(210): include('C:\\xampp\\htdocs...')
#2 C:\xampp\htdocs\cdi\system\View\View.php(213): CodeIgniter\View\View->CodeIgniter\View\{closure}()
#3 C:\xampp\htdocs\cdi\system\Common.php(1089): CodeIgniter\View\View->render('index', Array, true)
#4 C:\xampp\htdocs\cdi\app\Controllers\Home.php(18): view('index')
#5 C:\xampp\htdocs\cdi\system\CodeIgniter.php(832): App\Controllers\Home->index()
#6 C:\xampp\htdocs\cdi\system\CodeIgniter.php(419): CodeIgniter\CodeIgniter->runController(Object(App\Controllers\Home))
#7 C:\xampp\htdocs\cdi\system\CodeIgniter.php(326): CodeIgniter\CodeIgniter->handleRequest(NULL, Object(Config\Cache), false)
#8 C:\xampp\htdocs\cdi\public\index.php(37): CodeIgniter\CodeIgniter->run()
#9 C:\xampp\htdocs\cdi\system\Commands\Server\rewrite.php(43): require_once('C:\\xampp\\htdocs...')
#10 {main}
CRITICAL - 2023-01-25 10:46:09 --> Undefined variable $contView
#0 C:\xampp\htdocs\cdi\app\Views\index.php(227): CodeIgniter\Debug\Exceptions->errorHandler(2, 'Undefined varia...', 'C:\\xampp\\htdocs...', 227)
#1 C:\xampp\htdocs\cdi\system\View\View.php(210): include('C:\\xampp\\htdocs...')
#2 C:\xampp\htdocs\cdi\system\View\View.php(213): CodeIgniter\View\View->CodeIgniter\View\{closure}()
#3 C:\xampp\htdocs\cdi\system\Common.php(1089): CodeIgniter\View\View->render('index', Array, true)
#4 C:\xampp\htdocs\cdi\app\Controllers\Home.php(18): view('index')
#5 C:\xampp\htdocs\cdi\system\CodeIgniter.php(832): App\Controllers\Home->index()
#6 C:\xampp\htdocs\cdi\system\CodeIgniter.php(419): CodeIgniter\CodeIgniter->runController(Object(App\Controllers\Home))
#7 C:\xampp\htdocs\cdi\system\CodeIgniter.php(326): CodeIgniter\CodeIgniter->handleRequest(NULL, Object(Config\Cache), false)
#8 C:\xampp\htdocs\cdi\public\index.php(37): CodeIgniter\CodeIgniter->run()
#9 C:\xampp\htdocs\cdi\system\Commands\Server\rewrite.php(43): require_once('C:\\xampp\\htdocs...')
#10 {main}
CRITICAL - 2023-01-25 10:46:22 --> Undefined variable $contView
#0 C:\xampp\htdocs\cdi\app\Views\index.php(227): CodeIgniter\Debug\Exceptions->errorHandler(2, 'Undefined varia...', 'C:\\xampp\\htdocs...', 227)
#1 C:\xampp\htdocs\cdi\system\View\View.php(210): include('C:\\xampp\\htdocs...')
#2 C:\xampp\htdocs\cdi\system\View\View.php(213): CodeIgniter\View\View->CodeIgniter\View\{closure}()
#3 C:\xampp\htdocs\cdi\system\Common.php(1089): CodeIgniter\View\View->render('index', Array, true)
#4 C:\xampp\htdocs\cdi\app\Controllers\Home.php(18): view('index')
#5 C:\xampp\htdocs\cdi\system\CodeIgniter.php(832): App\Controllers\Home->index()
#6 C:\xampp\htdocs\cdi\system\CodeIgniter.php(419): CodeIgniter\CodeIgniter->runController(Object(App\Controllers\Home))
#7 C:\xampp\htdocs\cdi\system\CodeIgniter.php(326): CodeIgniter\CodeIgniter->handleRequest(NULL, Object(Config\Cache), false)
#8 C:\xampp\htdocs\cdi\public\index.php(37): CodeIgniter\CodeIgniter->run()
#9 C:\xampp\htdocs\cdi\system\Commands\Server\rewrite.php(43): require_once('C:\\xampp\\htdocs...')
#10 {main}
CRITICAL - 2023-01-25 11:06:36 --> Undefined variable $all
#0 C:\xampp\htdocs\cdi\app\Views\admin\about-us.php(59): CodeIgniter\Debug\Exceptions->errorHandler(2, 'Undefined varia...', 'C:\\xampp\\htdocs...', 59)
#1 C:\xampp\htdocs\cdi\system\View\View.php(210): include('C:\\xampp\\htdocs...')
#2 C:\xampp\htdocs\cdi\system\View\View.php(213): CodeIgniter\View\View->CodeIgniter\View\{closure}()
#3 C:\xampp\htdocs\cdi\system\Common.php(1089): CodeIgniter\View\View->render('admin/about-us', Array, true)
#4 C:\xampp\htdocs\cdi\app\Controllers\AdminController.php(302): view('admin/about-us', Array)
#5 C:\xampp\htdocs\cdi\system\CodeIgniter.php(832): App\Controllers\AdminController->contactAboutView()
#6 C:\xampp\htdocs\cdi\system\CodeIgniter.php(419): CodeIgniter\CodeIgniter->runController(Object(App\Controllers\AdminController))
#7 C:\xampp\htdocs\cdi\system\CodeIgniter.php(326): CodeIgniter\CodeIgniter->handleRequest(NULL, Object(Config\Cache), false)
#8 C:\xampp\htdocs\cdi\public\index.php(37): CodeIgniter\CodeIgniter->run()
#9 C:\xampp\htdocs\cdi\system\Commands\Server\rewrite.php(43): require_once('C:\\xampp\\htdocs...')
#10 {main}
CRITICAL - 2023-01-25 11:10:02 --> Cannot use object of type mysqli as array
#0 C:\xampp\htdocs\cdi\system\View\View.php(210): include()
#1 C:\xampp\htdocs\cdi\system\View\View.php(213): CodeIgniter\View\View->CodeIgniter\View\{closure}()
#2 C:\xampp\htdocs\cdi\system\Common.php(1089): CodeIgniter\View\View->render('admin/about-us', Array, true)
#3 C:\xampp\htdocs\cdi\app\Controllers\AdminController.php(302): view('admin/about-us', Array)
#4 C:\xampp\htdocs\cdi\system\CodeIgniter.php(832): App\Controllers\AdminController->contactAboutView()
#5 C:\xampp\htdocs\cdi\system\CodeIgniter.php(419): CodeIgniter\CodeIgniter->runController(Object(App\Controllers\AdminController))
#6 C:\xampp\htdocs\cdi\system\CodeIgniter.php(326): CodeIgniter\CodeIgniter->handleRequest(NULL, Object(Config\Cache), false)
#7 C:\xampp\htdocs\cdi\public\index.php(37): CodeIgniter\CodeIgniter->run()
#8 C:\xampp\htdocs\cdi\system\Commands\Server\rewrite.php(43): require_once('C:\\xampp\\htdocs...')
#9 {main}
ERROR - 2023-01-25 21:15:30 --> Error connecting to the database: Aucune connexion n’a pu être établie car l’ordinateur cible l’a expressément refusée
CRITICAL - 2023-01-25 21:15:30 --> Unable to connect to the database.
Main connection [MySQLi]: Aucune connexion n’a pu être établie car l’ordinateur cible l’a expressément refusée
#0 C:\xampp\htdocs\cdi\system\Database\BaseConnection.php(577): CodeIgniter\Database\BaseConnection->initialize()
#1 C:\xampp\htdocs\cdi\system\Database\BaseBuilder.php(1455): CodeIgniter\Database\BaseConnection->query('SELECT *\nFROM `...', Array, false)
#2 C:\xampp\htdocs\cdi\system\Model.php(183): CodeIgniter\Database\BaseBuilder->get()
#3 C:\xampp\htdocs\cdi\system\BaseModel.php(584): CodeIgniter\Model->doFindAll(0, 0)
#4 C:\xampp\htdocs\cdi\app\Controllers\UsersController.php(151): CodeIgniter\BaseModel->findAll()
#5 C:\xampp\htdocs\cdi\system\CodeIgniter.php(832): App\Controllers\UsersController->offerView()
#6 C:\xampp\htdocs\cdi\system\CodeIgniter.php(419): CodeIgniter\CodeIgniter->runController(Object(App\Controllers\UsersController))
#7 C:\xampp\htdocs\cdi\system\CodeIgniter.php(326): CodeIgniter\CodeIgniter->handleRequest(NULL, Object(Config\Cache), false)
#8 C:\xampp\htdocs\cdi\public\index.php(37): CodeIgniter\CodeIgniter->run()
#9 C:\xampp\htdocs\cdi\system\Commands\Server\rewrite.php(43): require_once('C:\\xampp\\htdocs...')
#10 {main}
CRITICAL - 2023-01-25 21:16:07 --> Undefined variable $user
#0 C:\xampp\htdocs\cdi\app\Views\include\header.php(29): CodeIgniter\Debug\Exceptions->errorHandler(2, 'Undefined varia...', 'C:\\xampp\\htdocs...', 29)
#1 C:\xampp\htdocs\cdi\system\View\View.php(210): include('C:\\xampp\\htdocs...')
#2 C:\xampp\htdocs\cdi\system\View\View.php(213): CodeIgniter\View\View->CodeIgniter\View\{closure}()
#3 C:\xampp\htdocs\cdi\system\Common.php(1089): CodeIgniter\View\View->render('include/header', Array, true)
#4 C:\xampp\htdocs\cdi\app\Views\dashboard.php(31): view('include/header')
#5 C:\xampp\htdocs\cdi\system\View\View.php(210): include('C:\\xampp\\htdocs...')
#6 C:\xampp\htdocs\cdi\system\View\View.php(213): CodeIgniter\View\View->CodeIgniter\View\{closure}()
#7 C:\xampp\htdocs\cdi\system\Common.php(1089): CodeIgniter\View\View->render('dashboard', Array, true)
#8 C:\xampp\htdocs\cdi\app\Controllers\UsersController.php(156): view('dashboard')
#9 C:\xampp\htdocs\cdi\system\CodeIgniter.php(832): App\Controllers\UsersController->dashView()
#10 C:\xampp\htdocs\cdi\system\CodeIgniter.php(419): CodeIgniter\CodeIgniter->runController(Object(App\Controllers\UsersController))
#11 C:\xampp\htdocs\cdi\system\CodeIgniter.php(326): CodeIgniter\CodeIgniter->handleRequest(NULL, Object(Config\Cache), false)
#12 C:\xampp\htdocs\cdi\public\index.php(37): CodeIgniter\CodeIgniter->run()
#13 C:\xampp\htdocs\cdi\system\Commands\Server\rewrite.php(43): require_once('C:\\xampp\\htdocs...')
#14 {main}
ERROR - 2023-01-25 21:17:56 --> Error connecting to the database: Aucune connexion n’a pu être établie car l’ordinateur cible l’a expressément refusée
CRITICAL - 2023-01-25 21:17:56 --> Unable to connect to the database.
Main connection [MySQLi]: Aucune connexion n’a pu être établie car l’ordinateur cible l’a expressément refusée
#0 C:\xampp\htdocs\cdi\system\Database\BaseConnection.php(577): CodeIgniter\Database\BaseConnection->initialize()
#1 C:\xampp\htdocs\cdi\system\Database\BaseBuilder.php(1455): CodeIgniter\Database\BaseConnection->query('SELECT *\nFROM `...', Array, false)
#2 C:\xampp\htdocs\cdi\system\Model.php(183): CodeIgniter\Database\BaseBuilder->get()
#3 C:\xampp\htdocs\cdi\system\BaseModel.php(584): CodeIgniter\Model->doFindAll(0, 0)
#4 C:\xampp\htdocs\cdi\app\Controllers\UsersController.php(151): CodeIgniter\BaseModel->findAll()
#5 C:\xampp\htdocs\cdi\system\CodeIgniter.php(832): App\Controllers\UsersController->offerView()
#6 C:\xampp\htdocs\cdi\system\CodeIgniter.php(419): CodeIgniter\CodeIgniter->runController(Object(App\Controllers\UsersController))
#7 C:\xampp\htdocs\cdi\system\CodeIgniter.php(326): CodeIgniter\CodeIgniter->handleRequest(NULL, Object(Config\Cache), false)
#8 C:\xampp\htdocs\cdi\public\index.php(37): CodeIgniter\CodeIgniter->run()
#9 C:\xampp\htdocs\cdi\system\Commands\Server\rewrite.php(43): require_once('C:\\xampp\\htdocs...')
#10 {main}
