CRITICAL - 2023-01-16 01:34:20 --> Invalid file: user-login.php
#0 C:\xampp\htdocs\cdi\system\View\View.php(198): CodeIgniter\Exceptions\FrameworkException::forInvalidFile('user-login.php')
#1 C:\xampp\htdocs\cdi\system\Common.php(1089): CodeIgniter\View\View->render('user-login', Array, true)
#2 C:\xampp\htdocs\cdi\app\Controllers\Home.php(12): view('user-login')
#3 C:\xampp\htdocs\cdi\system\CodeIgniter.php(832): App\Controllers\Home->login()
#4 C:\xampp\htdocs\cdi\system\CodeIgniter.php(419): CodeIgniter\CodeIgniter->runController(Object(App\Controllers\Home))
#5 C:\xampp\htdocs\cdi\system\CodeIgniter.php(326): CodeIgniter\CodeIgniter->handleRequest(NULL, Object(Config\Cache), false)
#6 C:\xampp\htdocs\cdi\public\index.php(37): CodeIgniter\CodeIgniter->run()
#7 C:\xampp\htdocs\cdi\system\Commands\Server\rewrite.php(43): require_once('C:\\xampp\\htdocs...')
#8 {main}
CRITICAL - 2023-01-16 02:13:40 --> Invalid file: login.php
#0 C:\xampp\htdocs\cdi\system\View\View.php(198): CodeIgniter\Exceptions\FrameworkException::forInvalidFile('login.php')
#1 C:\xampp\htdocs\cdi\system\Common.php(1089): CodeIgniter\View\View->render('login', Array, true)
#2 C:\xampp\htdocs\cdi\app\Controllers\Home.php(15): view('login')
#3 C:\xampp\htdocs\cdi\system\CodeIgniter.php(832): App\Controllers\Home->registration()
#4 C:\xampp\htdocs\cdi\system\CodeIgniter.php(419): CodeIgniter\CodeIgniter->runController(Object(App\Controllers\Home))
#5 C:\xampp\htdocs\cdi\system\CodeIgniter.php(326): CodeIgniter\CodeIgniter->handleRequest(NULL, Object(Config\Cache), false)
#6 C:\xampp\htdocs\cdi\public\index.php(37): CodeIgniter\CodeIgniter->run()
#7 C:\xampp\htdocs\cdi\system\Commands\Server\rewrite.php(43): require_once('C:\\xampp\\htdocs...')
#8 {main}
