CRITICAL - 2023-01-24 11:35:54 --> Undefined variable $user
#0 C:\xampp\htdocs\cdi\app\Views\include\header.php(29): CodeIgniter\Debug\Exceptions->errorHandler(2, 'Undefined varia...', 'C:\\xampp\\htdocs...', 29)
#1 C:\xampp\htdocs\cdi\system\View\View.php(210): include('C:\\xampp\\htdocs...')
#2 C:\xampp\htdocs\cdi\system\View\View.php(213): CodeIgniter\View\View->CodeIgniter\View\{closure}()
#3 C:\xampp\htdocs\cdi\system\Common.php(1089): CodeIgniter\View\View->render('include/header', Array, true)
#4 C:\xampp\htdocs\cdi\app\Views\admin\add-user.php(41): view('include/header')
#5 C:\xampp\htdocs\cdi\system\View\View.php(210): include('C:\\xampp\\htdocs...')
#6 C:\xampp\htdocs\cdi\system\View\View.php(213): CodeIgniter\View\View->CodeIgniter\View\{closure}()
#7 C:\xampp\htdocs\cdi\system\Common.php(1089): CodeIgniter\View\View->render('admin/add-user', Array, true)
#8 C:\xampp\htdocs\cdi\app\Controllers\AdminController.php(76): view('admin/add-user')
#9 C:\xampp\htdocs\cdi\system\CodeIgniter.php(832): App\Controllers\AdminController->createUser()
#10 C:\xampp\htdocs\cdi\system\CodeIgniter.php(419): CodeIgniter\CodeIgniter->runController(Object(App\Controllers\AdminController))
#11 C:\xampp\htdocs\cdi\system\CodeIgniter.php(326): CodeIgniter\CodeIgniter->handleRequest(NULL, Object(Config\Cache), false)
#12 C:\xampp\htdocs\cdi\public\index.php(37): CodeIgniter\CodeIgniter->run()
#13 C:\xampp\htdocs\cdi\system\Commands\Server\rewrite.php(43): require_once('C:\\xampp\\htdocs...')
#14 {main}
CRITICAL - 2023-01-24 11:37:24 --> Undefined variable $user
#0 C:\xampp\htdocs\cdi\app\Views\include\header.php(36): CodeIgniter\Debug\Exceptions->errorHandler(2, 'Undefined varia...', 'C:\\xampp\\htdocs...', 36)
#1 C:\xampp\htdocs\cdi\system\View\View.php(210): include('C:\\xampp\\htdocs...')
#2 C:\xampp\htdocs\cdi\system\View\View.php(213): CodeIgniter\View\View->CodeIgniter\View\{closure}()
#3 C:\xampp\htdocs\cdi\system\Common.php(1089): CodeIgniter\View\View->render('include/header', Array, true)
#4 C:\xampp\htdocs\cdi\app\Views\admin\add-user.php(41): view('include/header')
#5 C:\xampp\htdocs\cdi\system\View\View.php(210): include('C:\\xampp\\htdocs...')
#6 C:\xampp\htdocs\cdi\system\View\View.php(213): CodeIgniter\View\View->CodeIgniter\View\{closure}()
#7 C:\xampp\htdocs\cdi\system\Common.php(1089): CodeIgniter\View\View->render('admin/add-user', Array, true)
#8 C:\xampp\htdocs\cdi\app\Controllers\AdminController.php(76): view('admin/add-user')
#9 C:\xampp\htdocs\cdi\system\CodeIgniter.php(832): App\Controllers\AdminController->createUser()
#10 C:\xampp\htdocs\cdi\system\CodeIgniter.php(419): CodeIgniter\CodeIgniter->runController(Object(App\Controllers\AdminController))
#11 C:\xampp\htdocs\cdi\system\CodeIgniter.php(326): CodeIgniter\CodeIgniter->handleRequest(NULL, Object(Config\Cache), false)
#12 C:\xampp\htdocs\cdi\public\index.php(37): CodeIgniter\CodeIgniter->run()
#13 C:\xampp\htdocs\cdi\system\Commands\Server\rewrite.php(43): require_once('C:\\xampp\\htdocs...')
#14 {main}
ERROR - 2023-01-24 11:46:17 --> Error connecting to the database: Aucune connexion n’a pu être établie car l’ordinateur cible l’a expressément refusée
CRITICAL - 2023-01-24 11:46:17 --> Unable to connect to the database.
Main connection [MySQLi]: Aucune connexion n’a pu être établie car l’ordinateur cible l’a expressément refusée
#0 C:\xampp\htdocs\cdi\system\Database\BaseConnection.php(577): CodeIgniter\Database\BaseConnection->initialize()
#1 C:\xampp\htdocs\cdi\system\Database\BaseBuilder.php(1455): CodeIgniter\Database\BaseConnection->query('SELECT *\nFROM `...', Array, false)
#2 C:\xampp\htdocs\cdi\system\Model.php(183): CodeIgniter\Database\BaseBuilder->get()
#3 C:\xampp\htdocs\cdi\system\BaseModel.php(584): CodeIgniter\Model->doFindAll(0, 0)
#4 C:\xampp\htdocs\cdi\app\Controllers\AdminController.php(71): CodeIgniter\BaseModel->findAll()
#5 C:\xampp\htdocs\cdi\system\CodeIgniter.php(832): App\Controllers\AdminController->usersList()
#6 C:\xampp\htdocs\cdi\system\CodeIgniter.php(419): CodeIgniter\CodeIgniter->runController(Object(App\Controllers\AdminController))
#7 C:\xampp\htdocs\cdi\system\CodeIgniter.php(326): CodeIgniter\CodeIgniter->handleRequest(NULL, Object(Config\Cache), false)
#8 C:\xampp\htdocs\cdi\public\index.php(37): CodeIgniter\CodeIgniter->run()
#9 C:\xampp\htdocs\cdi\system\Commands\Server\rewrite.php(43): require_once('C:\\xampp\\htdocs...')
#10 {main}
ERROR - 2023-01-24 11:53:44 --> Error connecting to the database: Aucune connexion n’a pu être établie car l’ordinateur cible l’a expressément refusée
CRITICAL - 2023-01-24 11:53:44 --> Unable to connect to the database.
Main connection [MySQLi]: Aucune connexion n’a pu être établie car l’ordinateur cible l’a expressément refusée
#0 C:\xampp\htdocs\cdi\system\Database\BaseConnection.php(577): CodeIgniter\Database\BaseConnection->initialize()
#1 C:\xampp\htdocs\cdi\system\Database\BaseBuilder.php(1455): CodeIgniter\Database\BaseConnection->query('SELECT *\nFROM `...', Array, false)
#2 C:\xampp\htdocs\cdi\system\Model.php(183): CodeIgniter\Database\BaseBuilder->get()
#3 C:\xampp\htdocs\cdi\system\BaseModel.php(584): CodeIgniter\Model->doFindAll(0, 0)
#4 C:\xampp\htdocs\cdi\app\Controllers\AdminController.php(71): CodeIgniter\BaseModel->findAll()
#5 C:\xampp\htdocs\cdi\system\CodeIgniter.php(832): App\Controllers\AdminController->usersList()
#6 C:\xampp\htdocs\cdi\system\CodeIgniter.php(419): CodeIgniter\CodeIgniter->runController(Object(App\Controllers\AdminController))
#7 C:\xampp\htdocs\cdi\system\CodeIgniter.php(326): CodeIgniter\CodeIgniter->handleRequest(NULL, Object(Config\Cache), false)
#8 C:\xampp\htdocs\cdi\public\index.php(37): CodeIgniter\CodeIgniter->run()
#9 C:\xampp\htdocs\cdi\system\Commands\Server\rewrite.php(43): require_once('C:\\xampp\\htdocs...')
#10 {main}
ERROR - 2023-01-24 11:54:52 --> Error connecting to the database: Aucune connexion n’a pu être établie car l’ordinateur cible l’a expressément refusée
CRITICAL - 2023-01-24 11:54:52 --> Unable to connect to the database.
Main connection [MySQLi]: Aucune connexion n’a pu être établie car l’ordinateur cible l’a expressément refusée
#0 C:\xampp\htdocs\cdi\system\Database\BaseConnection.php(577): CodeIgniter\Database\BaseConnection->initialize()
#1 C:\xampp\htdocs\cdi\system\Database\BaseBuilder.php(1455): CodeIgniter\Database\BaseConnection->query('SELECT *\nFROM `...', Array, false)
#2 C:\xampp\htdocs\cdi\system\Model.php(183): CodeIgniter\Database\BaseBuilder->get()
#3 C:\xampp\htdocs\cdi\system\BaseModel.php(584): CodeIgniter\Model->doFindAll(0, 0)
#4 C:\xampp\htdocs\cdi\app\Controllers\AdminController.php(71): CodeIgniter\BaseModel->findAll()
#5 C:\xampp\htdocs\cdi\system\CodeIgniter.php(832): App\Controllers\AdminController->usersList()
#6 C:\xampp\htdocs\cdi\system\CodeIgniter.php(419): CodeIgniter\CodeIgniter->runController(Object(App\Controllers\AdminController))
#7 C:\xampp\htdocs\cdi\system\CodeIgniter.php(326): CodeIgniter\CodeIgniter->handleRequest(NULL, Object(Config\Cache), false)
#8 C:\xampp\htdocs\cdi\public\index.php(37): CodeIgniter\CodeIgniter->run()
#9 C:\xampp\htdocs\cdi\system\Commands\Server\rewrite.php(43): require_once('C:\\xampp\\htdocs...')
#10 {main}
CRITICAL - 2023-01-24 11:56:17 --> Array to string conversion
#0 C:\xampp\htdocs\cdi\app\Views\admin\manage-users.php(91): CodeIgniter\Debug\Exceptions->errorHandler(2, 'Array to string...', 'C:\\xampp\\htdocs...', 91)
#1 C:\xampp\htdocs\cdi\system\View\View.php(210): include('C:\\xampp\\htdocs...')
#2 C:\xampp\htdocs\cdi\system\View\View.php(213): CodeIgniter\View\View->CodeIgniter\View\{closure}()
#3 C:\xampp\htdocs\cdi\system\Common.php(1089): CodeIgniter\View\View->render('admin/manage-us...', Array, true)
#4 C:\xampp\htdocs\cdi\app\Controllers\AdminController.php(72): view('admin/manage-us...', Array)
#5 C:\xampp\htdocs\cdi\system\CodeIgniter.php(832): App\Controllers\AdminController->usersList()
#6 C:\xampp\htdocs\cdi\system\CodeIgniter.php(419): CodeIgniter\CodeIgniter->runController(Object(App\Controllers\AdminController))
#7 C:\xampp\htdocs\cdi\system\CodeIgniter.php(326): CodeIgniter\CodeIgniter->handleRequest(NULL, Object(Config\Cache), false)
#8 C:\xampp\htdocs\cdi\public\index.php(37): CodeIgniter\CodeIgniter->run()
#9 C:\xampp\htdocs\cdi\system\Commands\Server\rewrite.php(43): require_once('C:\\xampp\\htdocs...')
#10 {main}
CRITICAL - 2023-01-24 14:37:17 --> Call to undefined function set_value()
#0 C:\xampp\htdocs\cdi\system\View\View.php(210): include()
#1 C:\xampp\htdocs\cdi\system\View\View.php(213): CodeIgniter\View\View->CodeIgniter\View\{closure}()
#2 C:\xampp\htdocs\cdi\system\Common.php(1089): CodeIgniter\View\View->render('admin/add-user', Array, true)
#3 C:\xampp\htdocs\cdi\app\Controllers\AdminController.php(85): view('admin/add-user')
#4 C:\xampp\htdocs\cdi\system\CodeIgniter.php(832): App\Controllers\AdminController->createUser()
#5 C:\xampp\htdocs\cdi\system\CodeIgniter.php(419): CodeIgniter\CodeIgniter->runController(Object(App\Controllers\AdminController))
#6 C:\xampp\htdocs\cdi\system\CodeIgniter.php(326): CodeIgniter\CodeIgniter->handleRequest(NULL, Object(Config\Cache), false)
#7 C:\xampp\htdocs\cdi\public\index.php(37): CodeIgniter\CodeIgniter->run()
#8 C:\xampp\htdocs\cdi\system\Commands\Server\rewrite.php(43): require_once('C:\\xampp\\htdocs...')
#9 {main}
CRITICAL - 2023-01-24 14:37:39 --> Call to undefined function set_value()
#0 C:\xampp\htdocs\cdi\system\View\View.php(210): include()
#1 C:\xampp\htdocs\cdi\system\View\View.php(213): CodeIgniter\View\View->CodeIgniter\View\{closure}()
#2 C:\xampp\htdocs\cdi\system\Common.php(1089): CodeIgniter\View\View->render('admin/add-user', Array, true)
#3 C:\xampp\htdocs\cdi\app\Controllers\AdminController.php(85): view('admin/add-user')
#4 C:\xampp\htdocs\cdi\system\CodeIgniter.php(832): App\Controllers\AdminController->createUser()
#5 C:\xampp\htdocs\cdi\system\CodeIgniter.php(419): CodeIgniter\CodeIgniter->runController(Object(App\Controllers\AdminController))
#6 C:\xampp\htdocs\cdi\system\CodeIgniter.php(326): CodeIgniter\CodeIgniter->handleRequest(NULL, Object(Config\Cache), false)
#7 C:\xampp\htdocs\cdi\public\index.php(37): CodeIgniter\CodeIgniter->run()
#8 C:\xampp\htdocs\cdi\system\Commands\Server\rewrite.php(43): require_once('C:\\xampp\\htdocs...')
#9 {main}
CRITICAL - 2023-01-24 14:38:14 --> Call to undefined function set_value()
#0 C:\xampp\htdocs\cdi\system\View\View.php(210): include()
#1 C:\xampp\htdocs\cdi\system\View\View.php(213): CodeIgniter\View\View->CodeIgniter\View\{closure}()
#2 C:\xampp\htdocs\cdi\system\Common.php(1089): CodeIgniter\View\View->render('admin/add-user', Array, true)
#3 C:\xampp\htdocs\cdi\app\Controllers\AdminController.php(85): view('admin/add-user')
#4 C:\xampp\htdocs\cdi\system\CodeIgniter.php(832): App\Controllers\AdminController->createUser()
#5 C:\xampp\htdocs\cdi\system\CodeIgniter.php(419): CodeIgniter\CodeIgniter->runController(Object(App\Controllers\AdminController))
#6 C:\xampp\htdocs\cdi\system\CodeIgniter.php(326): CodeIgniter\CodeIgniter->handleRequest(NULL, Object(Config\Cache), false)
#7 C:\xampp\htdocs\cdi\public\index.php(37): CodeIgniter\CodeIgniter->run()
#8 C:\xampp\htdocs\cdi\system\Commands\Server\rewrite.php(43): require_once('C:\\xampp\\htdocs...')
#9 {main}
CRITICAL - 2023-01-24 14:40:08 --> Call to undefined function set_value()
#0 C:\xampp\htdocs\cdi\system\View\View.php(210): include()
#1 C:\xampp\htdocs\cdi\system\View\View.php(213): CodeIgniter\View\View->CodeIgniter\View\{closure}()
#2 C:\xampp\htdocs\cdi\system\Common.php(1089): CodeIgniter\View\View->render('admin/add-user', Array, true)
#3 C:\xampp\htdocs\cdi\app\Controllers\AdminController.php(85): view('admin/add-user')
#4 C:\xampp\htdocs\cdi\system\CodeIgniter.php(832): App\Controllers\AdminController->createUser()
#5 C:\xampp\htdocs\cdi\system\CodeIgniter.php(419): CodeIgniter\CodeIgniter->runController(Object(App\Controllers\AdminController))
#6 C:\xampp\htdocs\cdi\system\CodeIgniter.php(326): CodeIgniter\CodeIgniter->handleRequest(NULL, Object(Config\Cache), false)
#7 C:\xampp\htdocs\cdi\public\index.php(37): CodeIgniter\CodeIgniter->run()
#8 C:\xampp\htdocs\cdi\system\Commands\Server\rewrite.php(43): require_once('C:\\xampp\\htdocs...')
#9 {main}
ERROR - 2023-01-24 22:27:51 --> Error connecting to the database: Aucune connexion n’a pu être établie car l’ordinateur cible l’a expressément refusée
CRITICAL - 2023-01-24 22:27:51 --> Unable to connect to the database.
Main connection [MySQLi]: Aucune connexion n’a pu être établie car l’ordinateur cible l’a expressément refusée
#0 C:\xampp\htdocs\cdi\system\Database\BaseConnection.php(577): CodeIgniter\Database\BaseConnection->initialize()
#1 C:\xampp\htdocs\cdi\system\Database\BaseBuilder.php(1455): CodeIgniter\Database\BaseConnection->query('SELECT *\nFROM `...', Array, false)
#2 C:\xampp\htdocs\cdi\system\Model.php(183): CodeIgniter\Database\BaseBuilder->get()
#3 C:\xampp\htdocs\cdi\system\BaseModel.php(584): CodeIgniter\Model->doFindAll(0, 0)
#4 C:\xampp\htdocs\cdi\app\Controllers\AdminController.php(80): CodeIgniter\BaseModel->findAll()
#5 C:\xampp\htdocs\cdi\system\CodeIgniter.php(832): App\Controllers\AdminController->usersList()
#6 C:\xampp\htdocs\cdi\system\CodeIgniter.php(419): CodeIgniter\CodeIgniter->runController(Object(App\Controllers\AdminController))
#7 C:\xampp\htdocs\cdi\system\CodeIgniter.php(326): CodeIgniter\CodeIgniter->handleRequest(NULL, Object(Config\Cache), false)
#8 C:\xampp\htdocs\cdi\public\index.php(37): CodeIgniter\CodeIgniter->run()
#9 C:\xampp\htdocs\cdi\system\Commands\Server\rewrite.php(43): require_once('C:\\xampp\\htdocs...')
#10 {main}
ERROR - 2023-01-24 22:29:01 --> Error connecting to the database: Aucune connexion n’a pu être établie car l’ordinateur cible l’a expressément refusée
CRITICAL - 2023-01-24 22:29:01 --> Unable to connect to the database.
Main connection [MySQLi]: Aucune connexion n’a pu être établie car l’ordinateur cible l’a expressément refusée
#0 C:\xampp\htdocs\cdi\system\Database\BaseConnection.php(577): CodeIgniter\Database\BaseConnection->initialize()
#1 C:\xampp\htdocs\cdi\system\Database\BaseBuilder.php(1455): CodeIgniter\Database\BaseConnection->query('SELECT 1\nFROM `...', Array, false)
#2 C:\xampp\htdocs\cdi\system\Validation\Rules.php(104): CodeIgniter\Database\BaseBuilder->get()
#3 C:\xampp\htdocs\cdi\system\Validation\Validation.php(292): CodeIgniter\Validation\Rules->is_not_unique('admin', 'username', Array, NULL)
#4 C:\xampp\htdocs\cdi\system\Validation\Validation.php(157): CodeIgniter\Validation\Validation->processRules('username', 'username', 'admin', Array, Array)
#5 C:\xampp\htdocs\cdi\system\Controller.php(160): CodeIgniter\Validation\Validation->run()
#6 C:\xampp\htdocs\cdi\app\Controllers\AdminController.php(36): CodeIgniter\Controller->validate(Array)
#7 C:\xampp\htdocs\cdi\system\CodeIgniter.php(832): App\Controllers\AdminController->adminlogin()
#8 C:\xampp\htdocs\cdi\system\CodeIgniter.php(419): CodeIgniter\CodeIgniter->runController(Object(App\Controllers\AdminController))
#9 C:\xampp\htdocs\cdi\system\CodeIgniter.php(326): CodeIgniter\CodeIgniter->handleRequest(NULL, Object(Config\Cache), false)
#10 C:\xampp\htdocs\cdi\public\index.php(37): CodeIgniter\CodeIgniter->run()
#11 C:\xampp\htdocs\cdi\system\Commands\Server\rewrite.php(43): require_once('C:\\xampp\\htdocs...')
#12 {main}
CRITICAL - 2023-01-24 22:29:19 --> Call to undefined function set_value()
#0 C:\xampp\htdocs\cdi\system\View\View.php(210): include()
#1 C:\xampp\htdocs\cdi\system\View\View.php(213): CodeIgniter\View\View->CodeIgniter\View\{closure}()
#2 C:\xampp\htdocs\cdi\system\Common.php(1089): CodeIgniter\View\View->render('admin/add-user', Array, true)
#3 C:\xampp\htdocs\cdi\app\Controllers\AdminController.php(85): view('admin/add-user')
#4 C:\xampp\htdocs\cdi\system\CodeIgniter.php(832): App\Controllers\AdminController->createUser()
#5 C:\xampp\htdocs\cdi\system\CodeIgniter.php(419): CodeIgniter\CodeIgniter->runController(Object(App\Controllers\AdminController))
#6 C:\xampp\htdocs\cdi\system\CodeIgniter.php(326): CodeIgniter\CodeIgniter->handleRequest(NULL, Object(Config\Cache), false)
#7 C:\xampp\htdocs\cdi\public\index.php(37): CodeIgniter\CodeIgniter->run()
#8 C:\xampp\htdocs\cdi\system\Commands\Server\rewrite.php(43): require_once('C:\\xampp\\htdocs...')
#9 {main}
CRITICAL - 2023-01-24 22:30:20 --> Call to undefined function set_value()
#0 C:\xampp\htdocs\cdi\system\View\View.php(210): include()
#1 C:\xampp\htdocs\cdi\system\View\View.php(213): CodeIgniter\View\View->CodeIgniter\View\{closure}()
#2 C:\xampp\htdocs\cdi\system\Common.php(1089): CodeIgniter\View\View->render('admin/add-user', Array, true)
#3 C:\xampp\htdocs\cdi\app\Controllers\AdminController.php(85): view('admin/add-user')
#4 C:\xampp\htdocs\cdi\system\CodeIgniter.php(832): App\Controllers\AdminController->createUser()
#5 C:\xampp\htdocs\cdi\system\CodeIgniter.php(419): CodeIgniter\CodeIgniter->runController(Object(App\Controllers\AdminController))
#6 C:\xampp\htdocs\cdi\system\CodeIgniter.php(326): CodeIgniter\CodeIgniter->handleRequest(NULL, Object(Config\Cache), false)
#7 C:\xampp\htdocs\cdi\public\index.php(37): CodeIgniter\CodeIgniter->run()
#8 C:\xampp\htdocs\cdi\system\Commands\Server\rewrite.php(43): require_once('C:\\xampp\\htdocs...')
#9 {main}
CRITICAL - 2023-01-24 23:25:01 --> Call to undefined function form_open()
#0 C:\xampp\htdocs\cdi\system\View\View.php(210): include()
#1 C:\xampp\htdocs\cdi\system\View\View.php(213): CodeIgniter\View\View->CodeIgniter\View\{closure}()
#2 C:\xampp\htdocs\cdi\system\Common.php(1089): CodeIgniter\View\View->render('admin/add-user', Array, true)
#3 C:\xampp\htdocs\cdi\app\Controllers\AdminController.php(85): view('admin/add-user')
#4 C:\xampp\htdocs\cdi\system\CodeIgniter.php(832): App\Controllers\AdminController->createUser()
#5 C:\xampp\htdocs\cdi\system\CodeIgniter.php(419): CodeIgniter\CodeIgniter->runController(Object(App\Controllers\AdminController))
#6 C:\xampp\htdocs\cdi\system\CodeIgniter.php(326): CodeIgniter\CodeIgniter->handleRequest(NULL, Object(Config\Cache), false)
#7 C:\xampp\htdocs\cdi\public\index.php(37): CodeIgniter\CodeIgniter->run()
#8 C:\xampp\htdocs\cdi\system\Commands\Server\rewrite.php(43): require_once('C:\\xampp\\htdocs...')
#9 {main}
CRITICAL - 2023-01-24 23:25:17 --> Call to undefined function set_value()
#0 C:\xampp\htdocs\cdi\system\View\View.php(210): include()
#1 C:\xampp\htdocs\cdi\system\View\View.php(213): CodeIgniter\View\View->CodeIgniter\View\{closure}()
#2 C:\xampp\htdocs\cdi\system\Common.php(1089): CodeIgniter\View\View->render('admin/add-user', Array, true)
#3 C:\xampp\htdocs\cdi\app\Controllers\AdminController.php(85): view('admin/add-user')
#4 C:\xampp\htdocs\cdi\system\CodeIgniter.php(832): App\Controllers\AdminController->createUser()
#5 C:\xampp\htdocs\cdi\system\CodeIgniter.php(419): CodeIgniter\CodeIgniter->runController(Object(App\Controllers\AdminController))
#6 C:\xampp\htdocs\cdi\system\CodeIgniter.php(326): CodeIgniter\CodeIgniter->handleRequest(NULL, Object(Config\Cache), false)
#7 C:\xampp\htdocs\cdi\public\index.php(37): CodeIgniter\CodeIgniter->run()
#8 C:\xampp\htdocs\cdi\system\Commands\Server\rewrite.php(43): require_once('C:\\xampp\\htdocs...')
#9 {main}
CRITICAL - 2023-01-24 23:32:11 --> Call to undefined function set_value()
#0 C:\xampp\htdocs\cdi\system\View\View.php(210): include()
#1 C:\xampp\htdocs\cdi\system\View\View.php(213): CodeIgniter\View\View->CodeIgniter\View\{closure}()
#2 C:\xampp\htdocs\cdi\system\Common.php(1089): CodeIgniter\View\View->render('admin/add-user', Array, true)
#3 C:\xampp\htdocs\cdi\app\Controllers\AdminController.php(85): view('admin/add-user')
#4 C:\xampp\htdocs\cdi\system\CodeIgniter.php(832): App\Controllers\AdminController->createUser()
#5 C:\xampp\htdocs\cdi\system\CodeIgniter.php(419): CodeIgniter\CodeIgniter->runController(Object(App\Controllers\AdminController))
#6 C:\xampp\htdocs\cdi\system\CodeIgniter.php(326): CodeIgniter\CodeIgniter->handleRequest(NULL, Object(Config\Cache), false)
#7 C:\xampp\htdocs\cdi\public\index.php(37): CodeIgniter\CodeIgniter->run()
#8 C:\xampp\htdocs\cdi\system\Commands\Server\rewrite.php(43): require_once('C:\\xampp\\htdocs...')
#9 {main}
CRITICAL - 2023-01-24 23:33:24 --> Call to undefined function set_value()
#0 C:\xampp\htdocs\cdi\system\View\View.php(210): include()
#1 C:\xampp\htdocs\cdi\system\View\View.php(213): CodeIgniter\View\View->CodeIgniter\View\{closure}()
#2 C:\xampp\htdocs\cdi\system\Common.php(1089): CodeIgniter\View\View->render('admin/add-user', Array, true)
#3 C:\xampp\htdocs\cdi\app\Controllers\AdminController.php(85): view('admin/add-user')
#4 C:\xampp\htdocs\cdi\system\CodeIgniter.php(832): App\Controllers\AdminController->createUser()
#5 C:\xampp\htdocs\cdi\system\CodeIgniter.php(419): CodeIgniter\CodeIgniter->runController(Object(App\Controllers\AdminController))
#6 C:\xampp\htdocs\cdi\system\CodeIgniter.php(326): CodeIgniter\CodeIgniter->handleRequest(NULL, Object(Config\Cache), false)
#7 C:\xampp\htdocs\cdi\public\index.php(37): CodeIgniter\CodeIgniter->run()
#8 C:\xampp\htdocs\cdi\system\Commands\Server\rewrite.php(43): require_once('C:\\xampp\\htdocs...')
#9 {main}
CRITICAL - 2023-01-24 23:43:12 --> Call to undefined function set_value()
#0 C:\xampp\htdocs\cdi\system\View\View.php(210): include()
#1 C:\xampp\htdocs\cdi\system\View\View.php(213): CodeIgniter\View\View->CodeIgniter\View\{closure}()
#2 C:\xampp\htdocs\cdi\system\Common.php(1089): CodeIgniter\View\View->render('admin/add-user', Array, true)
#3 C:\xampp\htdocs\cdi\app\Controllers\AdminController.php(126): view('admin/add-user', Array)
#4 C:\xampp\htdocs\cdi\system\CodeIgniter.php(832): App\Controllers\AdminController->registUser()
#5 C:\xampp\htdocs\cdi\system\CodeIgniter.php(419): CodeIgniter\CodeIgniter->runController(Object(App\Controllers\AdminController))
#6 C:\xampp\htdocs\cdi\system\CodeIgniter.php(326): CodeIgniter\CodeIgniter->handleRequest(NULL, Object(Config\Cache), false)
#7 C:\xampp\htdocs\cdi\public\index.php(37): CodeIgniter\CodeIgniter->run()
#8 C:\xampp\htdocs\cdi\system\Commands\Server\rewrite.php(43): require_once('C:\\xampp\\htdocs...')
#9 {main}
